#
# There is insufficient memory for the Java Runtime Environment to continue.
# Native memory allocation (malloc) failed to allocate 1071856 bytes for Chunk::new
# Possible reasons:
#   The system is out of physical RAM or swap space
#   In 32 bit mode, the process size limit was hit
# Possible solutions:
#   Reduce memory load on the system
#   Increase physical memory or swap space
#   Check if swap backing store is full
#   Use 64 bit Java on a 64 bit OS
#   Decrease Java heap size (-Xmx/-Xms)
#   Decrease number of Java threads
#   Decrease Java thread stack sizes (-Xss)
#   Set larger code cache with -XX:ReservedCodeCacheSize=
# This output file may be truncated or incomplete.
#
#  Out of Memory Error (allocation.cpp:390), pid=18436, tid=0x00000000000026b0
#
# JRE version: Java(TM) SE Runtime Environment (8.0_112-b15) (build 1.8.0_112-b15)
# Java VM: Java HotSpot(TM) 64-Bit Server VM (25.112-b15 mixed mode windows-amd64 compressed oops)
# Failed to write core dump. Minidumps are not enabled by default on client versions of Windows
#

---------------  T H R E A D  ---------------

Current thread (0x000000001ec96800):  JavaThread "C2 CompilerThread1" daemon [_thread_in_native, id=9904, stack(0x00000000202f0000,0x00000000203f0000)]

Stack: [0x00000000202f0000,0x00000000203f0000]
[error occurred during error reporting (printing stack bounds), id 0xc0000005]

Native frames: (J=compiled Java code, j=interpreted, Vv=VM code, C=native code)


Current CompileTask:
C2:    685  524       4       org.jacoco.agent.rt.internal_c13123e.asm.commons.AnalyzerAdapter::execute (1962 bytes)


---------------  P R O C E S S  ---------------

Java Threads: ( => current thread )
  0x000000001ed24800 JavaThread "Service Thread" daemon [_thread_blocked, id=21176, stack(0x00000000205f0000,0x00000000206f0000)]
  0x000000001ec17000 JavaThread "C1 CompilerThread3" daemon [_thread_blocked, id=16000, stack(0x00000000204f0000,0x00000000205f0000)]
  0x000000001ec97000 JavaThread "C2 CompilerThread2" daemon [_thread_blocked, id=8568, stack(0x00000000203f0000,0x00000000204f0000)]
=>0x000000001ec96800 JavaThread "C2 CompilerThread1" daemon [_thread_in_native, id=9904, stack(0x00000000202f0000,0x00000000203f0000)]
  0x000000001ec0d000 JavaThread "C2 CompilerThread0" daemon [_thread_in_native, id=4188, stack(0x00000000201b0000,0x00000000202b0000)]
  0x000000001ebd6800 JavaThread "Attach Listener" daemon [_thread_blocked, id=21628, stack(0x00000000200b0000,0x00000000201b0000)]
  0x000000001ebc4000 JavaThread "Signal Dispatcher" daemon [_thread_blocked, id=19940, stack(0x000000001ffb0000,0x00000000200b0000)]
  0x000000001eb43000 JavaThread "Finalizer" daemon [_thread_blocked, id=7120, stack(0x000000001fda0000,0x000000001fea0000)]
  0x000000001d46d000 JavaThread "Reference Handler" daemon [_thread_blocked, id=21424, stack(0x000000001fca0000,0x000000001fda0000)]
  0x0000000003762800 JavaThread "main" [_thread_in_Java, id=15480, stack(0x00000000034d0000,0x00000000035d0000)]

Other Threads:
  0x000000001d466800 VMThread [stack: 0x000000001fba0000,0x000000001fca0000] [id=22340]
  0x000000001ec34800 WatcherThread [stack: 0x00000000206f0000,0x00000000207f0000] [id=11504]

VM state:not at safepoint (normal execution)

VM Mutex/Monitor currently owned by a thread: None

Heap:
 PSYoungGen      total 76288K, used 26232K [0x000000076b500000, 0x0000000770a00000, 0x00000007c0000000)
  eden space 65536K, 40% used [0x000000076b500000,0x000000076ce9e310,0x000000076f500000)
  from space 10752K, 0% used [0x000000076ff80000,0x000000076ff80000,0x0000000770a00000)
  to   space 10752K, 0% used [0x000000076f500000,0x000000076f500000,0x000000076ff80000)
 ParOldGen       total 175104K, used 0K [0x00000006c1e00000, 0x00000006cc900000, 0x000000076b500000)
  object space 175104K, 0% used [0x00000006c1e00000,0x00000006c1e00000,0x00000006cc900000)
 Metaspace       used 7303K, capacity 7540K, committed 7680K, reserved 1056768K
  class space    used 857K, capacity 970K, committed 1024K, reserved 1048576K

Card table byte_map: [0x0000000012c20000,0x0000000013420000] byte_map_base: 0x000000000f611000

Marking Bits: (ParMarkBitMap*) 0x000000005724a6d0
 Begin Bits: [0x0000000014370000, 0x00000000182f8000)
 End Bits:   [0x00000000182f8000, 0x000000001c280000)

Polling page: 0x0000000000ff0000

CodeCache: size=245760Kb used=3519Kb max_used=3527Kb free=242240Kb
 bounds [0x0000000003860000, 0x0000000003be0000, 0x0000000012860000]
 total_blobs=1181 nmethods=876 adapters=218
 compilation: enabled

Compilation events (10 events):
Event: 0.682 Thread 0x000000001ec17000 nmethod 869 0x0000000003bd0b90 code [0x0000000003bd0d40, 0x0000000003bd1388]
Event: 0.682 Thread 0x000000001ec17000  870   !   3       sun.reflect.UTF8::encode (191 bytes)
Event: 0.682 Thread 0x000000001ec97000 nmethod 868 0x0000000003bc7f10 code [0x0000000003bc8060, 0x0000000003bc8168]
Event: 0.682 Thread 0x000000001ec17000 nmethod 870 0x0000000003bcf110 code [0x0000000003bcf300, 0x0000000003bcfc08]
Event: 0.682 Thread 0x000000001ec17000  871       1       java.io.ObjectStreamField::getName (5 bytes)
Event: 0.682 Thread 0x000000001ec17000 nmethod 871 0x0000000003bcee50 code [0x0000000003bcefa0, 0x0000000003bcf0b0]
Event: 0.682 Thread 0x000000001ec97000  872       4       sun.reflect.ClassFileAssembler::emitByte (11 bytes)
Event: 0.682 Thread 0x000000001ec17000  873       3       java.util.ArrayList$Itr::hasNext (20 bytes)
Event: 0.683 Thread 0x000000001ec17000 nmethod 873 0x0000000003bcea90 code [0x0000000003bcebe0, 0x0000000003bcedb0]
Event: 0.683 Thread 0x000000001ec97000 nmethod 872 0x0000000003bcd190 code [0x0000000003bcd2e0, 0x0000000003bcd408]

GC Heap History (0 events):
No events

Deoptimization events (4 events):
Event: 0.330 Thread 0x0000000003762800 Uncommon trap: reason=unstable_if action=reinterpret pc=0x000000000399dfd8 method=java.lang.String.startsWith(Ljava/lang/String;I)Z @ 25
Event: 0.432 Thread 0x0000000003762800 Uncommon trap: reason=unstable_if action=reinterpret pc=0x00000000039f15b4 method=org.jacoco.agent.rt.internal_c13123e.asm.ClassReader.readUTF8(I[C)Ljava/lang/String; @ 26
Event: 0.500 Thread 0x0000000003762800 Uncommon trap: reason=unstable_if action=reinterpret pc=0x0000000003ac1514 method=org.jacoco.agent.rt.internal_c13123e.asm.MethodVisitor.visitLineNumber(ILorg/jacoco/agent/rt/internal_c13123e/asm/Label;)V @ 4
Event: 0.542 Thread 0x0000000003762800 Uncommon trap: reason=unstable_if action=reinterpret pc=0x0000000003ad14e4 method=org.jacoco.agent.rt.internal_c13123e.asm.ByteVector.putUTF8(Ljava/lang/String;)Lorg/jacoco/agent/rt/internal_c13123e/asm/ByteVector; @ 34

Internal exceptions (10 events):
Event: 0.491 Thread 0x0000000003762800 Exception <a 'java/security/PrivilegedActionException'> (0x000000076c1ace20) thrown at [C:\re\workspace\8-2-build-windows-amd64-cygwin\jdk8u112\7884\hotspot\src\share\vm\prims\jvm.cpp, line 1390]
Event: 0.491 Thread 0x0000000003762800 Exception <a 'java/security/PrivilegedActionException'> (0x000000076c1ad218) thrown at [C:\re\workspace\8-2-build-windows-amd64-cygwin\jdk8u112\7884\hotspot\src\share\vm\prims\jvm.cpp, line 1390]
Event: 0.550 Thread 0x0000000003762800 Exception <a 'java/lang/ArrayIndexOutOfBoundsException': 100> (0x000000076c6fa998) thrown at [C:\re\workspace\8-2-build-windows-amd64-cygwin\jdk8u112\7884\hotspot\src\share\vm\interpreter\interpreterRuntime.cpp, line 366]
Event: 0.551 Thread 0x0000000003762800 Exception <a 'java/lang/ArrayIndexOutOfBoundsException': 18> (0x000000076c709528) thrown at [C:\re\workspace\8-2-build-windows-amd64-cygwin\jdk8u112\7884\hotspot\src\share\vm\interpreter\interpreterRuntime.cpp, line 366]
Event: 0.552 Thread 0x0000000003762800 Exception <a 'java/lang/ArrayIndexOutOfBoundsException': 40> (0x000000076c70a820) thrown at [C:\re\workspace\8-2-build-windows-amd64-cygwin\jdk8u112\7884\hotspot\src\share\vm\interpreter\interpreterRuntime.cpp, line 366]
Event: 0.574 Thread 0x0000000003762800 Exception <a 'java/lang/ArrayIndexOutOfBoundsException'> (0x000000076c7ba1c0) thrown at [C:\re\workspace\8-2-build-windows-amd64-cygwin\jdk8u112\7884\hotspot\src\share\vm\runtime\sharedRuntime.cpp, line 605]
Event: 0.574 Thread 0x0000000003762800 Exception <a 'java/lang/ArrayIndexOutOfBoundsException'> (0x000000076c7bae98) thrown at [C:\re\workspace\8-2-build-windows-amd64-cygwin\jdk8u112\7884\hotspot\src\share\vm\runtime\sharedRuntime.cpp, line 605]
Event: 0.641 Thread 0x0000000003762800 Exception <a 'java/lang/NoSuchFieldError': method resolution failed> (0x000000076cc15c10) thrown at [C:\re\workspace\8-2-build-windows-amd64-cygwin\jdk8u112\7884\hotspot\src\share\vm\prims\methodHandles.cpp, line 1146]
Event: 0.643 Thread 0x0000000003762800 Exception <a 'java/lang/NoSuchFieldError': method resolution failed> (0x000000076cc237d0) thrown at [C:\re\workspace\8-2-build-windows-amd64-cygwin\jdk8u112\7884\hotspot\src\share\vm\prims\methodHandles.cpp, line 1146]
Event: 0.681 Thread 0x0000000003762800 Exception <a 'java/lang/NoSuchMethodError': <clinit>> (0x000000076ce01a90) thrown at [C:\re\workspace\8-2-build-windows-amd64-cygwin\jdk8u112\7884\hotspot\src\share\vm\prims\jni.cpp, line 1613]

Events (10 events):
Event: 0.678 loading class org/gradle/api/internal/tasks/testing/testng/TestNGTestFramework$TestClassProcessorFactoryImpl
Event: 0.678 loading class org/gradle/api/internal/tasks/testing/testng/TestNGTestFramework$TestClassProcessorFactoryImpl done
Event: 0.679 loading class org/gradle/api/internal/tasks/testing/testng/TestNGSpec
Event: 0.679 loading class org/gradle/api/internal/tasks/testing/testng/TestNGSpec done
Event: 0.681 loading class sun/reflect/UnsafeQualifiedStaticLongFieldAccessorImpl
Event: 0.681 loading class sun/reflect/UnsafeQualifiedStaticLongFieldAccessorImpl done
Event: 0.683 loading class java/util/Spliterator
Event: 0.683 loading class java/util/Spliterator done
Event: 0.683 loading class java/io/SerialCallbackContext
Event: 0.683 loading class java/io/SerialCallbackContext done


Dynamic libraries:
0x00007ff6f0080000 - 0x00007ff6f00b7000 	C:\Program Files\Java\jdk1.8.0_112\bin\java.exe
0x00007ffb5f530000 - 0x00007ffb5f71d000 	C:\Windows\SYSTEM32\ntdll.dll
0x00007ffb5d980000 - 0x00007ffb5da33000 	C:\Windows\System32\KERNEL32.DLL
0x00007ffb5c490000 - 0x00007ffb5c725000 	C:\Windows\System32\KERNELBASE.dll
0x00007ffb5f450000 - 0x00007ffb5f4f3000 	C:\Windows\System32\ADVAPI32.dll
0x00007ffb5d410000 - 0x00007ffb5d4ae000 	C:\Windows\System32\msvcrt.dll
0x00007ffb5d1f0000 - 0x00007ffb5d28e000 	C:\Windows\System32\sechost.dll
0x00007ffb5d520000 - 0x00007ffb5d642000 	C:\Windows\System32\RPCRT4.dll
0x00007ffb5cb30000 - 0x00007ffb5ccc7000 	C:\Windows\System32\USER32.dll
0x00007ffb5c730000 - 0x00007ffb5c750000 	C:\Windows\System32\win32u.dll
0x00007ffb5cb00000 - 0x00007ffb5cb29000 	C:\Windows\System32\GDI32.dll
0x00007ffb5c2c0000 - 0x00007ffb5c459000 	C:\Windows\System32\gdi32full.dll
0x00007ffb5b6c0000 - 0x00007ffb5b760000 	C:\Windows\System32\msvcp_win.dll
0x00007ffb5b810000 - 0x00007ffb5b90a000 	C:\Windows\System32\ucrtbase.dll
0x00007ffb3faf0000 - 0x00007ffb3fd69000 	C:\Windows\WinSxS\amd64_microsoft.windows.common-controls_6595b64144ccf1df_6.0.17763.1217_none_de6e4304534e0ad3\COMCTL32.dll
0x00007ffb5d650000 - 0x00007ffb5d97c000 	C:\Windows\System32\combase.dll
0x00007ffb5b5f0000 - 0x00007ffb5b66e000 	C:\Windows\System32\bcryptPrimitives.dll
0x00007ffb5ccd0000 - 0x00007ffb5ccfe000 	C:\Windows\System32\IMM32.DLL
0x00000000572d0000 - 0x00000000573a2000 	C:\Program Files\Java\jdk1.8.0_112\jre\bin\msvcr100.dll
0x0000000056a30000 - 0x00000000572ca000 	C:\Program Files\Java\jdk1.8.0_112\jre\bin\server\jvm.dll
0x00007ffb5dd70000 - 0x00007ffb5dd78000 	C:\Windows\System32\PSAPI.DLL
0x00007ffb5b120000 - 0x00007ffb5b12a000 	C:\Windows\SYSTEM32\VERSION.dll
0x00007ffb4ebe0000 - 0x00007ffb4ec04000 	C:\Windows\SYSTEM32\WINMM.dll
0x00007ffb4bbd0000 - 0x00007ffb4bbd9000 	C:\Windows\SYSTEM32\WSOCK32.dll
0x00007ffb5d180000 - 0x00007ffb5d1ed000 	C:\Windows\System32\WS2_32.dll
0x00007ffb4ebb0000 - 0x00007ffb4ebdd000 	C:\Windows\SYSTEM32\winmmbase.dll
0x00007ffb5b670000 - 0x00007ffb5b6ba000 	C:\Windows\System32\cfgmgr32.dll
0x0000000056a20000 - 0x0000000056a2f000 	C:\Program Files\Java\jdk1.8.0_112\jre\bin\verify.dll
0x00000000569f0000 - 0x0000000056a19000 	C:\Program Files\Java\jdk1.8.0_112\jre\bin\java.dll
0x0000000056950000 - 0x0000000056973000 	C:\Program Files\Java\jdk1.8.0_112\jre\bin\instrument.dll
0x00000000569d0000 - 0x00000000569e6000 	C:\Program Files\Java\jdk1.8.0_112\jre\bin\zip.dll
0x00007ffb5dd80000 - 0x00007ffb5f274000 	C:\Windows\System32\SHELL32.dll
0x00007ffb5ca50000 - 0x00007ffb5caf8000 	C:\Windows\System32\shcore.dll
0x00007ffb5bb70000 - 0x00007ffb5c2be000 	C:\Windows\System32\windows.storage.dll
0x00007ffb5b5a0000 - 0x00007ffb5b5c4000 	C:\Windows\System32\profapi.dll
0x00007ffb5b540000 - 0x00007ffb5b59d000 	C:\Windows\System32\powrprof.dll
0x00007ffb5f390000 - 0x00007ffb5f3e2000 	C:\Windows\System32\shlwapi.dll
0x00007ffb5b5d0000 - 0x00007ffb5b5e1000 	C:\Windows\System32\kernel.appcore.dll
0x00007ffb5bb50000 - 0x00007ffb5bb67000 	C:\Windows\System32\cryptsp.dll
0x0000000056920000 - 0x000000005693a000 	C:\Program Files\Java\jdk1.8.0_112\jre\bin\net.dll
0x00007ffb5ad20000 - 0x00007ffb5ad87000 	C:\Windows\system32\mswsock.dll
0x00007ffb3dc50000 - 0x00007ffb3dc66000 	C:\Windows\system32\napinsp.dll
0x00007ffb3dc30000 - 0x00007ffb3dc4a000 	C:\Windows\system32\pnrpnsp.dll
0x00007ffb5aa80000 - 0x00007ffb5ab47000 	C:\Windows\SYSTEM32\DNSAPI.dll
0x00007ffb5db70000 - 0x00007ffb5db78000 	C:\Windows\System32\NSI.dll
0x00007ffb5aa40000 - 0x00007ffb5aa7d000 	C:\Windows\SYSTEM32\IPHLPAPI.DLL
0x00007ffb51b80000 - 0x00007ffb51b8e000 	C:\Windows\System32\winrnr.dll
0x00007ffb575d0000 - 0x00007ffb575eb000 	C:\Windows\system32\NLAapi.dll
0x00007ffb542b0000 - 0x00007ffb542c5000 	C:\Windows\system32\wshbth.dll
0x000000005a2a0000 - 0x000000005a2c6000 	C:\Program Files\Bonjour\mdnsNSP.dll
0x00007ffb522e0000 - 0x00007ffb522ea000 	C:\Windows\System32\rasadhlp.dll
0x00007ffb51f80000 - 0x00007ffb51ff9000 	C:\Windows\System32\fwpuclnt.dll
0x00007ffb5c460000 - 0x00007ffb5c486000 	C:\Windows\System32\bcrypt.dll
0x0000000056900000 - 0x0000000056911000 	C:\Program Files\Java\jdk1.8.0_112\jre\bin\nio.dll

VM Arguments:
jvm_args: -Djava.security.manager=worker.org.gradle.process.internal.worker.child.BootstrapSecurityManager -Dorg.gradle.native=false -javaagent:build/tmp/expandedArchives/org.jacoco.agent-0.8.1.jar_8059ed6e1ab8b88aac5d9097fad847bb/jacocoagent.jar=destfile=build/jacoco/test.exec,append=true,inclnolocationclasses=false,dumponexit=true,output=file,jmx=false -Dfile.encoding=GBK -Duser.country=CN -Duser.language=zh -Duser.variant -ea 
java_command: worker.org.gradle.process.internal.worker.GradleWorkerMain 'Gradle Test Executor 3'
java_class_path (initial): C:\Users\xuguoyuan\.gradle\caches\4.8\workerMain\gradle-worker.jar;build/tmp/expandedArchives/org.jacoco.agent-0.8.1.jar_8059ed6e1ab8b88aac5d9097fad847bb/jacocoagent.jar
Launcher Type: SUN_STANDARD

Environment Variables:
CLASSPATH=D:\Code Github\qiqi-project\attach-service\\gradle\wrapper\gradle-wrapper.jar
PATH=C:\ProgramData\Oracle\Java\javapath;C:\Windows\system32;C:\Windows;C:\Windows\System32\Wbem;C:\Windows\System32\WindowsPowerShell\v1.0\;C:\Windows\System32\OpenSSH\;C:\Program Files (x86)\NVIDIA Corporation\PhysX\Common;C:\Program Files\NVIDIA Corporation\NVIDIA NvDLISR;C:\Program Files\nodejs\;C:\Program Files\Git\cmd;C:\Users\xuguoyuan\AppData\Local\Microsoft\WindowsApps;C:\Users\xuguoyuan\AppData\Roaming\npm;C:\Users\xuguoyuan\AppData\Local\Programs\Microsoft VS Code\bin
USERNAME=xuguoyuan
OS=Windows_NT
PROCESSOR_IDENTIFIER=Intel64 Family 6 Model 158 Stepping 10, GenuineIntel



---------------  S Y S T E M  ---------------

OS: Windows 10.0 , 64 bit Build 17763 (10.0.17763.1158)

CPU:total 12 (6 cores per cpu, 2 threads per core) family 6 model 158 stepping 10, cmov, cx8, fxsr, mmx, sse, sse2, sse3, ssse3, sse4.1, sse4.2, popcnt, avx, avx2, aes, clmul, erms, 3dnowpref, lzcnt, ht, tsc, tscinvbit, bmi1, bmi2, adx

Memory: 4k page, physical 16647476k(4533872k free), swap 16647476k(4236k free)

vm_info: Java HotSpot(TM) 64-Bit Server VM (25.112-b15) for windows-amd64 JRE (1.8.0_112-b15), built on Sep 22 2016 21:31:56 by "java_re" with MS VC++ 10.0 (VS2010)

time: Thu Nov 19 21:12:59 2020
elapsed time: 0 seconds (0d 0h 0m 0s)

