#
# There is insufficient memory for the Java Runtime Environment to continue.
# Native memory allocation (malloc) failed to allocate 2009136 bytes for Chunk::new
# Possible reasons:
#   The system is out of physical RAM or swap space
#   In 32 bit mode, the process size limit was hit
# Possible solutions:
#   Reduce memory load on the system
#   Increase physical memory or swap space
#   Check if swap backing store is full
#   Use 64 bit Java on a 64 bit OS
#   Decrease Java heap size (-Xmx/-Xms)
#   Decrease number of Java threads
#   Decrease Java thread stack sizes (-Xss)
#   Set larger code cache with -XX:ReservedCodeCacheSize=
# This output file may be truncated or incomplete.
#
#  Out of Memory Error (allocation.cpp:390), pid=3984, tid=0x0000000000003ed0
#
# JRE version: Java(TM) SE Runtime Environment (8.0_112-b15) (build 1.8.0_112-b15)
# Java VM: Java HotSpot(TM) 64-Bit Server VM (25.112-b15 mixed mode windows-amd64 compressed oops)
# Failed to write core dump. Minidumps are not enabled by default on client versions of Windows
#

---------------  T H R E A D  ---------------

Current thread (0x00000000176f7000):  JavaThread "C2 CompilerThread0" daemon [_thread_in_native, id=16080, stack(0x0000000018ca0000,0x0000000018da0000)]

Stack: [0x0000000018ca0000,0x0000000018da0000]
[error occurred during error reporting (printing stack bounds), id 0xc0000005]

Native frames: (J=compiled Java code, j=interpreted, Vv=VM code, C=native code)


Current CompileTask:
C2:3604670 15338       4       org.gradle.api.internal.artifacts.ivyservice.resolveengine.artifact.ResolvedArtifactsGraphVisitor::getArtifacts (197 bytes)


---------------  P R O C E S S  ---------------

Java Threads: ( => current thread )
  0x0000000021582000 JavaThread "/127.0.0.1:4367 to /127.0.0.1:4368 workers Thread 4" [_thread_in_native, id=6800, stack(0x0000000033760000,0x0000000033860000)]
  0x0000000021588800 JavaThread "/127.0.0.1:4367 to /127.0.0.1:4368 workers Thread 3" [_thread_blocked, id=10580, stack(0x0000000033660000,0x0000000033760000)]
  0x0000000021581000 JavaThread "/127.0.0.1:4367 to /127.0.0.1:4368 workers Thread 2" [_thread_blocked, id=19296, stack(0x0000000033560000,0x0000000033660000)]
  0x0000000021587000 JavaThread "/127.0.0.1:4367 to /127.0.0.1:4368 workers" [_thread_blocked, id=22100, stack(0x0000000033460000,0x0000000033560000)]
  0x0000000021588000 JavaThread "Exec process Thread 12" [_thread_in_native, id=14664, stack(0x0000000033360000,0x0000000033460000)]
  0x0000000021583800 JavaThread "Exec process Thread 11" [_thread_in_native, id=6356, stack(0x0000000033260000,0x0000000033360000)]
  0x0000000021586800 JavaThread "Exec process Thread 10" [_thread_blocked, id=14628, stack(0x0000000033160000,0x0000000033260000)]
  0x0000000021585800 JavaThread "Exec process Thread 9" [_thread_in_native, id=5572, stack(0x0000000032f60000,0x0000000033060000)]
  0x0000000021584000 JavaThread "Incoming local TCP Connector on port 4367" [_thread_blocked, id=17312, stack(0x0000000032e60000,0x0000000032f60000)]
  0x0000000021585000 JavaThread "Dispatch org.gradle.api.internal.tasks.testing.processors.RestartEveryNTestClassProcessor@41aad76e" [_thread_blocked, id=22192, stack(0x0000000032d60000,0x0000000032e60000)]
  0x0000000021582800 JavaThread "Dispatch org.gradle.api.internal.tasks.testing.results.AttachParentTestResultProcessor@15c55f21" [_thread_blocked, id=3688, stack(0x0000000032c60000,0x0000000032d60000)]
  0x000000001a239000 JavaThread "Build operations Thread 12" [_thread_blocked, id=19824, stack(0x0000000032a60000,0x0000000032b60000)]
  0x000000001a238000 JavaThread "Task worker for ':' Thread 11" [_thread_blocked, id=21676, stack(0x0000000032960000,0x0000000032a60000)]
  0x000000001a237800 JavaThread "Task worker for ':' Thread 10" [_thread_blocked, id=20068, stack(0x0000000032860000,0x0000000032960000)]
  0x000000001a233800 JavaThread "Task worker for ':' Thread 9" [_thread_blocked, id=15828, stack(0x0000000032760000,0x0000000032860000)]
  0x000000001b291000 JavaThread "Task worker for ':' Thread 8" [_thread_blocked, id=17700, stack(0x0000000032660000,0x0000000032760000)]
  0x000000001b290000 JavaThread "Task worker for ':' Thread 7" [_thread_blocked, id=22236, stack(0x0000000032560000,0x0000000032660000)]
  0x000000001b28e800 JavaThread "Task worker for ':' Thread 6" [_thread_blocked, id=15464, stack(0x0000000032460000,0x0000000032560000)]
  0x000000001b28e000 JavaThread "Task worker for ':' Thread 5" [_thread_blocked, id=22180, stack(0x0000000032360000,0x0000000032460000)]
  0x000000001b286800 JavaThread "Task worker for ':' Thread 4" [_thread_blocked, id=1132, stack(0x0000000032260000,0x0000000032360000)]
  0x000000001b28d000 JavaThread "Task worker for ':' Thread 3" [_thread_blocked, id=16120, stack(0x0000000032160000,0x0000000032260000)]
  0x000000001b28c800 JavaThread "Task worker for ':' Thread 2" [_thread_blocked, id=5888, stack(0x0000000032060000,0x0000000032160000)]
  0x000000001b285000 JavaThread "Task worker for ':'" [_thread_blocked, id=21560, stack(0x0000000031f60000,0x0000000032060000)]
  0x000000001b28b800 JavaThread "Cache worker for Build Output Cleanup Cache (D:\Code Github\qiqi-project\attach-service\.gradle\buildOutputCleanup)" [_thread_blocked, id=4408, stack(0x0000000031e60000,0x0000000031f60000)]
  0x000000001b28b000 JavaThread "Cache worker for task history cache (D:\Code Github\qiqi-project\attach-service\.gradle\4.8\taskHistory)" [_thread_blocked, id=16208, stack(0x0000000031d60000,0x0000000031e60000)]
  0x000000001b283800 JavaThread "Cache worker for file content cache (D:\Code Github\qiqi-project\attach-service\.gradle\4.8\fileContent)" [_thread_blocked, id=21268, stack(0x0000000031c60000,0x0000000031d60000)]
  0x000000001b284000 JavaThread "Build operations Thread 11" [_thread_blocked, id=13976, stack(0x0000000031b60000,0x0000000031c60000)]
  0x000000001b289800 JavaThread "Build operations Thread 10" [_thread_blocked, id=21660, stack(0x0000000031a60000,0x0000000031b60000)]
  0x000000001b282000 JavaThread "Build operations Thread 9" [_thread_blocked, id=13580, stack(0x0000000031960000,0x0000000031a60000)]
  0x000000001b288800 JavaThread "Build operations Thread 8" [_thread_blocked, id=19804, stack(0x0000000031860000,0x0000000031960000)]
  0x000000001cfbe000 JavaThread "Build operations Thread 7" [_thread_blocked, id=2864, stack(0x0000000031760000,0x0000000031860000)]
  0x000000001cfbb800 JavaThread "Build operations Thread 6" [_thread_blocked, id=3960, stack(0x0000000031660000,0x0000000031760000)]
  0x000000001cfbb000 JavaThread "Build operations Thread 5" [_thread_blocked, id=21328, stack(0x0000000031560000,0x0000000031660000)]
  0x000000001cfb8000 JavaThread "Build operations Thread 4" [_thread_blocked, id=21068, stack(0x0000000031460000,0x0000000031560000)]
  0x000000001cfbe800 JavaThread "Build operations Thread 3" [_thread_blocked, id=4716, stack(0x0000000031360000,0x0000000031460000)]
  0x000000001cfba000 JavaThread "Build operations Thread 2" [_thread_blocked, id=21744, stack(0x0000000031260000,0x0000000031360000)]
  0x000000001cfb0800 JavaThread "Build operations" [_thread_blocked, id=4184, stack(0x0000000031160000,0x0000000031260000)]
  0x000000001cfb7000 JavaThread "Cache worker for Artifact transforms cache (C:\Users\xuguoyuan\.gradle\caches\transforms-1)" [_thread_blocked, id=19756, stack(0x0000000031060000,0x0000000031160000)]
  0x000000001cfaf800 JavaThread "Cache worker for file hash cache (D:\Code Github\qiqi-project\attach-service\.gradle\4.8\fileHashes)" [_thread_blocked, id=9556, stack(0x0000000030f60000,0x0000000031060000)]
  0x000000001cfb6800 JavaThread "Stdin handler" [_thread_blocked, id=8700, stack(0x0000000030e60000,0x0000000030f60000)]
  0x000000001cfb5000 JavaThread "Asynchronous log dispatcher for DefaultDaemonConnection: socket connection from /127.0.0.1:3030 to /127.0.0.1:4360" [_thread_blocked, id=7676, stack(0x0000000030d60000,0x0000000030e60000)]
  0x000000001cfb5800 JavaThread "Cancel handler" [_thread_blocked, id=18256, stack(0x0000000030c60000,0x0000000030d60000)]
  0x000000001cfb4000 JavaThread "Handler for socket connection from /127.0.0.1:3030 to /127.0.0.1:4360" [_thread_in_native, id=1072, stack(0x0000000030b60000,0x0000000030c60000)]
  0x000000001b288000 JavaThread "Daemon worker Thread 4" [_thread_blocked, id=2056, stack(0x000000002ed60000,0x000000002ee60000)]
  0x000000001b285800 JavaThread "Daemon Thread 4" [_thread_blocked, id=10816, stack(0x000000002ea60000,0x000000002eb60000)]
  0x000000001b287000 JavaThread "Memory manager" [_thread_blocked, id=22488, stack(0x0000000022b10000,0x0000000022c10000)]
  0x000000001a235000 JavaThread "File lock request listener" [_thread_in_native, id=22424, stack(0x000000001ca10000,0x000000001cb10000)]
  0x000000001a234800 JavaThread "Cache worker for file hash cache (C:\Users\xuguoyuan\.gradle\caches\4.8\fileHashes)" [_thread_blocked, id=21912, stack(0x000000001c910000,0x000000001ca10000)]
  0x0000000019f6d800 JavaThread "Daemon periodic checks" [_thread_blocked, id=13088, stack(0x000000001bf10000,0x000000001c010000)]
  0x000000001a88c800 JavaThread "Incoming local TCP Connector on port 3030" [_thread_in_native, id=8000, stack(0x000000001bd60000,0x000000001be60000)]
  0x000000001a841800 JavaThread "Daemon health stats" [_thread_blocked, id=11260, stack(0x000000001ba40000,0x000000001bb40000)]
  0x00000000177d6800 JavaThread "Service Thread" daemon [_thread_blocked, id=14500, stack(0x00000000190a0000,0x00000000191a0000)]
  0x000000001600d800 JavaThread "C1 CompilerThread3" daemon [_thread_in_native, id=2436, stack(0x0000000018fa0000,0x00000000190a0000)]
  0x000000001600d000 JavaThread "C2 CompilerThread2" daemon [_thread_blocked, id=17932, stack(0x0000000018ea0000,0x0000000018fa0000)]
  0x000000001600a000 JavaThread "C2 CompilerThread1" daemon [_thread_blocked, id=18292, stack(0x0000000018da0000,0x0000000018ea0000)]
=>0x00000000176f7000 JavaThread "C2 CompilerThread0" daemon [_thread_in_native, id=16080, stack(0x0000000018ca0000,0x0000000018da0000)]
  0x00000000176f5000 JavaThread "Attach Listener" daemon [_thread_blocked, id=10968, stack(0x0000000018ba0000,0x0000000018ca0000)]
  0x000000001774a000 JavaThread "Signal Dispatcher" daemon [_thread_blocked, id=676, stack(0x0000000018aa0000,0x0000000018ba0000)]
  0x00000000032d9800 JavaThread "Finalizer" daemon [_thread_blocked, id=11860, stack(0x0000000018940000,0x0000000018a40000)]
  0x00000000032d8000 JavaThread "Reference Handler" daemon [_thread_blocked, id=21816, stack(0x0000000018840000,0x0000000018940000)]
  0x00000000030dd800 JavaThread "main" [_thread_blocked, id=16784, stack(0x00000000030e0000,0x00000000031e0000)]

Other Threads:
  0x00000000176b2800 VMThread [stack: 0x0000000018740000,0x0000000018840000] [id=19748]
  0x000000001783b000 WatcherThread [stack: 0x00000000191a0000,0x00000000192a0000] [id=6448]

VM state:not at safepoint (normal execution)

VM Mutex/Monitor currently owned by a thread: None

Heap:
 PSYoungGen      total 272384K, used 181253K [0x00000000eab00000, 0x00000000ffb00000, 0x0000000100000000)
  eden space 239616K, 67% used [0x00000000eab00000,0x00000000f4961750,0x00000000f9500000)
  from space 32768K, 58% used [0x00000000f9500000,0x00000000fa79fe58,0x00000000fb500000)
  to   space 31744K, 0% used [0x00000000fdc00000,0x00000000fdc00000,0x00000000ffb00000)
 ParOldGen       total 256000K, used 49408K [0x00000000c0000000, 0x00000000cfa00000, 0x00000000eab00000)
  object space 256000K, 19% used [0x00000000c0000000,0x00000000c3040240,0x00000000cfa00000)
 Metaspace       used 64927K, capacity 67914K, committed 68120K, reserved 1107968K
  class space    used 8685K, capacity 9399K, committed 9504K, reserved 1048576K

Card table byte_map: [0x00000000126a0000,0x00000000128b0000] byte_map_base: 0x00000000120a0000

Marking Bits: (ParMarkBitMap*) 0x000000005724a6d0
 Begin Bits: [0x0000000013410000, 0x0000000014410000)
 End Bits:   [0x0000000014410000, 0x0000000015410000)

Polling page: 0x0000000000be0000

CodeCache: size=245760Kb used=46284Kb max_used=46284Kb free=199475Kb
 bounds [0x00000000032e0000, 0x0000000006060000, 0x00000000122e0000]
 total_blobs=13571 nmethods=12791 adapters=691
 compilation: enabled

Compilation events (10 events):
Event: 3604.664 Thread 0x000000001600d800 nmethod 15377 0x000000000604e550 code [0x000000000604e700, 0x000000000604ee28]
Event: 3604.664 Thread 0x000000001600d800 15379       3       java.io.FilterOutputStream::write (9 bytes)
Event: 3604.664 Thread 0x000000001600d800 nmethod 15379 0x0000000006045e50 code [0x0000000006045fc0, 0x00000000060461e8]
Event: 3604.664 Thread 0x000000001600d800 15380       3       org.gradle.internal.io.LinePerThreadBufferingOutputStream::write (9 bytes)
Event: 3604.664 Thread 0x000000001600d000 nmethod 15381 0x000000000557bdd0 code [0x000000000557bf00, 0x000000000557bf98]
Event: 3604.664 Thread 0x000000001600d800 nmethod 15380 0x00000000060517d0 code [0x0000000006051940, 0x0000000006051b98]
Event: 3604.665 Thread 0x000000001600d800 15382       3       java.lang.Thread::init (11 bytes)
Event: 3604.665 Thread 0x000000001600d800 nmethod 15382 0x0000000006051410 code [0x0000000006051580, 0x0000000006051708]
Event: 3604.665 Thread 0x000000001600d800 15383       3       java.lang.Thread::init (209 bytes)
Event: 3604.667 Thread 0x000000001600d800 nmethod 15383 0x0000000006051c90 code [0x0000000006051fe0, 0x0000000006053fe8]

GC Heap History (10 events):
Event: 2185.231 GC heap before
{Heap before GC invocations=18 (full 3):
 PSYoungGen      total 193024K, used 170496K [0x00000000eab00000, 0x00000000fb280000, 0x0000000100000000)
  eden space 170496K, 100% used [0x00000000eab00000,0x00000000f5180000,0x00000000f5180000)
  from space 22528K, 0% used [0x00000000f9c80000,0x00000000f9c80000,0x00000000fb280000)
  to   space 29184K, 0% used [0x00000000f7980000,0x00000000f7980000,0x00000000f9600000)
 ParOldGen       total 256000K, used 47962K [0x00000000c0000000, 0x00000000cfa00000, 0x00000000eab00000)
  object space 256000K, 18% used [0x00000000c0000000,0x00000000c2ed6bc8,0x00000000cfa00000)
 Metaspace       used 60125K, capacity 62708K, committed 62872K, reserved 1103872K
  class space    used 8195K, capacity 8822K, committed 8864K, reserved 1048576K
Event: 2185.248 GC heap after
Heap after GC invocations=18 (full 3):
 PSYoungGen      total 239616K, used 22278K [0x00000000eab00000, 0x00000000fb380000, 0x0000000100000000)
  eden space 210432K, 0% used [0x00000000eab00000,0x00000000eab00000,0x00000000f7880000)
  from space 29184K, 76% used [0x00000000f7980000,0x00000000f8f41a70,0x00000000f9600000)
  to   space 30208K, 0% used [0x00000000f9600000,0x00000000f9600000,0x00000000fb380000)
 ParOldGen       total 256000K, used 47970K [0x00000000c0000000, 0x00000000cfa00000, 0x00000000eab00000)
  object space 256000K, 18% used [0x00000000c0000000,0x00000000c2ed8bc8,0x00000000cfa00000)
 Metaspace       used 60125K, capacity 62708K, committed 62872K, reserved 1103872K
  class space    used 8195K, capacity 8822K, committed 8864K, reserved 1048576K
}
Event: 2186.201 GC heap before
{Heap before GC invocations=19 (full 3):
 PSYoungGen      total 239616K, used 232710K [0x00000000eab00000, 0x00000000fb380000, 0x0000000100000000)
  eden space 210432K, 100% used [0x00000000eab00000,0x00000000f7880000,0x00000000f7880000)
  from space 29184K, 76% used [0x00000000f7980000,0x00000000f8f41a70,0x00000000f9600000)
  to   space 30208K, 0% used [0x00000000f9600000,0x00000000f9600000,0x00000000fb380000)
 ParOldGen       total 256000K, used 47970K [0x00000000c0000000, 0x00000000cfa00000, 0x00000000eab00000)
  object space 256000K, 18% used [0x00000000c0000000,0x00000000c2ed8bc8,0x00000000cfa00000)
 Metaspace       used 60433K, capacity 62964K, committed 63128K, reserved 1103872K
  class space    used 8195K, capacity 8822K, committed 8864K, reserved 1048576K
Event: 2186.211 GC heap after
Heap after GC invocations=19 (full 3):
 PSYoungGen      total 241664K, used 16767K [0x00000000eab00000, 0x00000000fe580000, 0x0000000100000000)
  eden space 211456K, 0% used [0x00000000eab00000,0x00000000eab00000,0x00000000f7980000)
  from space 30208K, 55% used [0x00000000f9600000,0x00000000fa65fc50,0x00000000fb380000)
  to   space 29184K, 0% used [0x00000000f7980000,0x00000000f7980000,0x00000000f9600000)
 ParOldGen       total 256000K, used 47978K [0x00000000c0000000, 0x00000000cfa00000, 0x00000000eab00000)
  object space 256000K, 18% used [0x00000000c0000000,0x00000000c2edabc8,0x00000000cfa00000)
 Metaspace       used 60433K, capacity 62964K, committed 63128K, reserved 1103872K
  class space    used 8195K, capacity 8822K, committed 8864K, reserved 1048576K
}
Event: 2188.326 GC heap before
{Heap before GC invocations=20 (full 3):
 PSYoungGen      total 241664K, used 228223K [0x00000000eab00000, 0x00000000fe580000, 0x0000000100000000)
  eden space 211456K, 100% used [0x00000000eab00000,0x00000000f7980000,0x00000000f7980000)
  from space 30208K, 55% used [0x00000000f9600000,0x00000000fa65fc50,0x00000000fb380000)
  to   space 29184K, 0% used [0x00000000f7980000,0x00000000f7980000,0x00000000f9600000)
 ParOldGen       total 256000K, used 47978K [0x00000000c0000000, 0x00000000cfa00000, 0x00000000eab00000)
  object space 256000K, 18% used [0x00000000c0000000,0x00000000c2edabc8,0x00000000cfa00000)
 Metaspace       used 60688K, capacity 63260K, committed 63384K, reserved 1103872K
  class space    used 8198K, capacity 8828K, committed 8864K, reserved 1048576K
Event: 2188.337 GC heap after
Heap after GC invocations=20 (full 3):
 PSYoungGen      total 240640K, used 19103K [0x00000000eab00000, 0x00000000fd380000, 0x0000000100000000)
  eden space 211456K, 0% used [0x00000000eab00000,0x00000000eab00000,0x00000000f7980000)
  from space 29184K, 65% used [0x00000000f7980000,0x00000000f8c27df0,0x00000000f9600000)
  to   space 29184K, 0% used [0x00000000fb700000,0x00000000fb700000,0x00000000fd380000)
 ParOldGen       total 256000K, used 47986K [0x00000000c0000000, 0x00000000cfa00000, 0x00000000eab00000)
  object space 256000K, 18% used [0x00000000c0000000,0x00000000c2edcbc8,0x00000000cfa00000)
 Metaspace       used 60688K, capacity 63260K, committed 63384K, reserved 1103872K
  class space    used 8198K, capacity 8828K, committed 8864K, reserved 1048576K
}
Event: 3600.090 GC heap before
{Heap before GC invocations=21 (full 3):
 PSYoungGen      total 240640K, used 230559K [0x00000000eab00000, 0x00000000fd380000, 0x0000000100000000)
  eden space 211456K, 100% used [0x00000000eab00000,0x00000000f7980000,0x00000000f7980000)
  from space 29184K, 65% used [0x00000000f7980000,0x00000000f8c27df0,0x00000000f9600000)
  to   space 29184K, 0% used [0x00000000fb700000,0x00000000fb700000,0x00000000fd380000)
 ParOldGen       total 256000K, used 47986K [0x00000000c0000000, 0x00000000cfa00000, 0x00000000eab00000)
  object space 256000K, 18% used [0x00000000c0000000,0x00000000c2edcbc8,0x00000000cfa00000)
 Metaspace       used 64542K, capacity 67552K, committed 67864K, reserved 1107968K
  class space    used 8675K, capacity 9382K, committed 9504K, reserved 1048576K
Event: 3600.110 GC heap after
Heap after GC invocations=21 (full 3):
 PSYoungGen      total 268800K, used 29182K [0x00000000eab00000, 0x00000000fd500000, 0x0000000100000000)
  eden space 239616K, 0% used [0x00000000eab00000,0x00000000eab00000,0x00000000f9500000)
  from space 29184K, 99% used [0x00000000fb700000,0x00000000fd37fad0,0x00000000fd380000)
  to   space 32768K, 0% used [0x00000000f9500000,0x00000000f9500000,0x00000000fb500000)
 ParOldGen       total 256000K, used 49400K [0x00000000c0000000, 0x00000000cfa00000, 0x00000000eab00000)
  object space 256000K, 19% used [0x00000000c0000000,0x00000000c303e240,0x00000000cfa00000)
 Metaspace       used 64542K, capacity 67552K, committed 67864K, reserved 1107968K
  class space    used 8675K, capacity 9382K, committed 9504K, reserved 1048576K
}
Event: 3601.275 GC heap before
{Heap before GC invocations=22 (full 3):
 PSYoungGen      total 268800K, used 268798K [0x00000000eab00000, 0x00000000fd500000, 0x0000000100000000)
  eden space 239616K, 100% used [0x00000000eab00000,0x00000000f9500000,0x00000000f9500000)
  from space 29184K, 99% used [0x00000000fb700000,0x00000000fd37fad0,0x00000000fd380000)
  to   space 32768K, 0% used [0x00000000f9500000,0x00000000f9500000,0x00000000fb500000)
 ParOldGen       total 256000K, used 49400K [0x00000000c0000000, 0x00000000cfa00000, 0x00000000eab00000)
  object space 256000K, 19% used [0x00000000c0000000,0x00000000c303e240,0x00000000cfa00000)
 Metaspace       used 64702K, capacity 67740K, committed 67864K, reserved 1107968K
  class space    used 8680K, capacity 9392K, committed 9504K, reserved 1048576K
Event: 3601.293 GC heap after
Heap after GC invocations=22 (full 3):
 PSYoungGen      total 272384K, used 19071K [0x00000000eab00000, 0x00000000ffb00000, 0x0000000100000000)
  eden space 239616K, 0% used [0x00000000eab00000,0x00000000eab00000,0x00000000f9500000)
  from space 32768K, 58% used [0x00000000f9500000,0x00000000fa79fe58,0x00000000fb500000)
  to   space 31744K, 0% used [0x00000000fdc00000,0x00000000fdc00000,0x00000000ffb00000)
 ParOldGen       total 256000K, used 49408K [0x00000000c0000000, 0x00000000cfa00000, 0x00000000eab00000)
  object space 256000K, 19% used [0x00000000c0000000,0x00000000c3040240,0x00000000cfa00000)
 Metaspace       used 64702K, capacity 67740K, committed 67864K, reserved 1107968K
  class space    used 8680K, capacity 9392K, committed 9504K, reserved 1048576K
}

Deoptimization events (10 events):
Event: 2188.544 Thread 0x000000001cfbb000 Uncommon trap: reason=class_check action=maybe_recompile pc=0x0000000004d43820 method=com.sun.tools.javac.jvm.ClassReader.includeClassFile(Lcom/sun/tools/javac/code/Symbol$PackageSymbol;Ljavax/tools/JavaFileObject;)V @ 48
Event: 2188.899 Thread 0x000000001a233800 Uncommon trap: reason=unstable_if action=reinterpret pc=0x00000000046c9734 method=java.util.concurrent.locks.ReentrantLock$Sync.nonfairTryAcquire(I)Z @ 19
Event: 3598.245 Thread 0x000000001b288000 Uncommon trap: reason=bimorphic action=maybe_recompile pc=0x0000000004ceb730 method=org.gradle.api.internal.artifacts.ivyservice.resolveengine.excludes.AbstractModuleExclusion.hashCode()I @ 15
Event: 3598.245 Thread 0x000000001b288000 Uncommon trap: reason=bimorphic action=maybe_recompile pc=0x0000000004ceb730 method=org.gradle.api.internal.artifacts.ivyservice.resolveengine.excludes.AbstractModuleExclusion.hashCode()I @ 15
Event: 3598.306 Thread 0x000000001b285000 Uncommon trap: reason=class_check action=maybe_recompile pc=0x000000000534054c method=com.google.common.collect.AbstractMapBasedMultimap.wrapCollection(Ljava/lang/Object;Ljava/util/Collection;)Ljava/util/Collection; @ 44
Event: 3598.306 Thread 0x000000001b285000 Uncommon trap: reason=class_check action=maybe_recompile pc=0x000000000534054c method=com.google.common.collect.AbstractMapBasedMultimap.wrapCollection(Ljava/lang/Object;Ljava/util/Collection;)Ljava/util/Collection; @ 44
Event: 3599.300 Thread 0x000000001cfaf800 Uncommon trap: reason=unstable_if action=reinterpret pc=0x00000000053096bc method=java.io.BufferedOutputStream.write([BII)V @ 35
Event: 3600.203 Thread 0x000000001cfaf800 Uncommon trap: reason=unstable_if action=reinterpret pc=0x00000000051ad538 method=java.io.BufferedOutputStream.write([BII)V @ 35
Event: 3601.248 Thread 0x000000001b285000 Uncommon trap: reason=null_check action=make_not_entrant pc=0x0000000003f010f0 method=io.spring.gradle.dependencymanagement.org.apache.maven.model.validation.DefaultModelValidator.validateRawDependencies(Lio/spring/gradle/dependencymanagement/org/apache/m
Event: 3601.374 Thread 0x000000001b285000 Uncommon trap: reason=null_check action=make_not_entrant pc=0x0000000004190f88 method=io.spring.gradle.dependencymanagement.org.apache.maven.model.validation.DefaultModelValidator.validateRawDependencies(Lio/spring/gradle/dependencymanagement/org/apache/m

Internal exceptions (10 events):
Event: 3601.248 Thread 0x000000001b285000 Implicit null exception at 0x0000000003eff16e to 0x0000000003f01091
Event: 3601.374 Thread 0x000000001b285000 Implicit null exception at 0x000000000418f0d1 to 0x0000000004190f29
Event: 3601.603 Thread 0x000000001b285000 Exception <a 'java/io/FileNotFoundException'> (0x00000000ee38cc18) thrown at [C:\re\workspace\8-2-build-windows-amd64-cygwin\jdk8u112\7884\hotspot\src\share\vm\prims\jni.cpp, line 709]
Event: 3601.605 Thread 0x000000001b285000 Exception <a 'java/io/FileNotFoundException'> (0x00000000ee38e720) thrown at [C:\re\workspace\8-2-build-windows-amd64-cygwin\jdk8u112\7884\hotspot\src\share\vm\prims\jni.cpp, line 709]
Event: 3603.017 Thread 0x000000001b286800 Exception <a 'java/io/FileNotFoundException'> (0x00000000f1dedb68) thrown at [C:\re\workspace\8-2-build-windows-amd64-cygwin\jdk8u112\7884\hotspot\src\share\vm\prims\jni.cpp, line 709]
Event: 3603.019 Thread 0x000000001b286800 Exception <a 'java/io/FileNotFoundException'> (0x00000000f1def670) thrown at [C:\re\workspace\8-2-build-windows-amd64-cygwin\jdk8u112\7884\hotspot\src\share\vm\prims\jni.cpp, line 709]
Event: 3603.024 Thread 0x000000001b286800 Exception <a 'java/io/FileNotFoundException'> (0x00000000f1df46e0) thrown at [C:\re\workspace\8-2-build-windows-amd64-cygwin\jdk8u112\7884\hotspot\src\share\vm\prims\jni.cpp, line 709]
Event: 3603.694 Thread 0x000000001b286800 Exception <a 'java/io/FileNotFoundException'> (0x00000000f413d028) thrown at [C:\re\workspace\8-2-build-windows-amd64-cygwin\jdk8u112\7884\hotspot\src\share\vm\prims\jni.cpp, line 709]
Event: 3603.696 Thread 0x000000001b286800 Exception <a 'java/io/FileNotFoundException'> (0x00000000f413eb30) thrown at [C:\re\workspace\8-2-build-windows-amd64-cygwin\jdk8u112\7884\hotspot\src\share\vm\prims\jni.cpp, line 709]
Event: 3603.700 Thread 0x000000001b286800 Exception <a 'java/io/FileNotFoundException'> (0x00000000f4143a68) thrown at [C:\re\workspace\8-2-build-windows-amd64-cygwin\jdk8u112\7884\hotspot\src\share\vm\prims\jni.cpp, line 709]

Events (10 events):
Event: 3604.244 Executing VM operation: RevokeBias
Event: 3604.244 Executing VM operation: RevokeBias done
Event: 3604.663 Thread 0x0000000021587000 Thread added: 0x0000000021587000
Event: 3604.663 Thread 0x0000000021581000 Thread added: 0x0000000021581000
Event: 3604.663 loading class org/gradle/api/internal/tasks/testing/worker/RemoteTestClassProcessor
Event: 3604.663 loading class org/gradle/api/internal/tasks/testing/worker/RemoteTestClassProcessor done
Event: 3604.665 Thread 0x0000000021588800 Thread added: 0x0000000021588800
Event: 3604.665 Thread 0x0000000021582000 Thread added: 0x0000000021582000
Event: 3604.665 Executing VM operation: RevokeBias
Event: 3604.665 Executing VM operation: RevokeBias done


Dynamic libraries:
0x00007ff6f0080000 - 0x00007ff6f00b7000 	C:\Program Files\Java\jdk1.8.0_112\bin\java.exe
0x00007ffb5f530000 - 0x00007ffb5f71d000 	C:\Windows\SYSTEM32\ntdll.dll
0x00007ffb5d980000 - 0x00007ffb5da33000 	C:\Windows\System32\KERNEL32.DLL
0x00007ffb5c490000 - 0x00007ffb5c725000 	C:\Windows\System32\KERNELBASE.dll
0x00007ffb5f450000 - 0x00007ffb5f4f3000 	C:\Windows\System32\ADVAPI32.dll
0x00007ffb5d410000 - 0x00007ffb5d4ae000 	C:\Windows\System32\msvcrt.dll
0x00007ffb5d1f0000 - 0x00007ffb5d28e000 	C:\Windows\System32\sechost.dll
0x00007ffb5d520000 - 0x00007ffb5d642000 	C:\Windows\System32\RPCRT4.dll
0x00007ffb5cb30000 - 0x00007ffb5ccc7000 	C:\Windows\System32\USER32.dll
0x00007ffb5c730000 - 0x00007ffb5c750000 	C:\Windows\System32\win32u.dll
0x00007ffb5cb00000 - 0x00007ffb5cb29000 	C:\Windows\System32\GDI32.dll
0x00007ffb5c2c0000 - 0x00007ffb5c459000 	C:\Windows\System32\gdi32full.dll
0x00007ffb5b6c0000 - 0x00007ffb5b760000 	C:\Windows\System32\msvcp_win.dll
0x00007ffb5b810000 - 0x00007ffb5b90a000 	C:\Windows\System32\ucrtbase.dll
0x00007ffb3faf0000 - 0x00007ffb3fd69000 	C:\Windows\WinSxS\amd64_microsoft.windows.common-controls_6595b64144ccf1df_6.0.17763.1217_none_de6e4304534e0ad3\COMCTL32.dll
0x00007ffb5d650000 - 0x00007ffb5d97c000 	C:\Windows\System32\combase.dll
0x00007ffb5b5f0000 - 0x00007ffb5b66e000 	C:\Windows\System32\bcryptPrimitives.dll
0x00007ffb5ccd0000 - 0x00007ffb5ccfe000 	C:\Windows\System32\IMM32.DLL
0x00000000572d0000 - 0x00000000573a2000 	C:\Program Files\Java\jdk1.8.0_112\jre\bin\msvcr100.dll
0x0000000056a30000 - 0x00000000572ca000 	C:\Program Files\Java\jdk1.8.0_112\jre\bin\server\jvm.dll
0x00007ffb5dd70000 - 0x00007ffb5dd78000 	C:\Windows\System32\PSAPI.DLL
0x00007ffb4ebe0000 - 0x00007ffb4ec04000 	C:\Windows\SYSTEM32\WINMM.dll
0x00007ffb4bbd0000 - 0x00007ffb4bbd9000 	C:\Windows\SYSTEM32\WSOCK32.dll
0x00007ffb5b120000 - 0x00007ffb5b12a000 	C:\Windows\SYSTEM32\VERSION.dll
0x00007ffb5d180000 - 0x00007ffb5d1ed000 	C:\Windows\System32\WS2_32.dll
0x00007ffb4ebb0000 - 0x00007ffb4ebdd000 	C:\Windows\SYSTEM32\winmmbase.dll
0x00007ffb5b670000 - 0x00007ffb5b6ba000 	C:\Windows\System32\cfgmgr32.dll
0x0000000056a20000 - 0x0000000056a2f000 	C:\Program Files\Java\jdk1.8.0_112\jre\bin\verify.dll
0x00000000569f0000 - 0x0000000056a19000 	C:\Program Files\Java\jdk1.8.0_112\jre\bin\java.dll
0x00000000569d0000 - 0x00000000569e6000 	C:\Program Files\Java\jdk1.8.0_112\jre\bin\zip.dll
0x00007ffb5dd80000 - 0x00007ffb5f274000 	C:\Windows\System32\SHELL32.dll
0x00007ffb5ca50000 - 0x00007ffb5caf8000 	C:\Windows\System32\shcore.dll
0x00007ffb5bb70000 - 0x00007ffb5c2be000 	C:\Windows\System32\windows.storage.dll
0x00007ffb5b5a0000 - 0x00007ffb5b5c4000 	C:\Windows\System32\profapi.dll
0x00007ffb5b540000 - 0x00007ffb5b59d000 	C:\Windows\System32\powrprof.dll
0x00007ffb5f390000 - 0x00007ffb5f3e2000 	C:\Windows\System32\shlwapi.dll
0x00007ffb5b5d0000 - 0x00007ffb5b5e1000 	C:\Windows\System32\kernel.appcore.dll
0x00007ffb5bb50000 - 0x00007ffb5bb67000 	C:\Windows\System32\cryptsp.dll
0x0000000056920000 - 0x000000005693a000 	C:\Program Files\Java\jdk1.8.0_112\jre\bin\net.dll
0x00007ffb5ad20000 - 0x00007ffb5ad87000 	C:\Windows\system32\mswsock.dll
0x0000000056900000 - 0x0000000056911000 	C:\Program Files\Java\jdk1.8.0_112\jre\bin\nio.dll
0x00007ffb53780000 - 0x00007ffb5379e000 	C:\Users\xuguoyuan\.gradle\native\25\windows-amd64\native-platform.dll
0x0000000055f50000 - 0x0000000055f5d000 	C:\Program Files\Java\jdk1.8.0_112\jre\bin\management.dll
0x00007ffb5a8a0000 - 0x00007ffb5a8d3000 	C:\Windows\system32\rsaenh.dll
0x00007ffb5c460000 - 0x00007ffb5c486000 	C:\Windows\System32\bcrypt.dll
0x00007ffb5b420000 - 0x00007ffb5b448000 	C:\Windows\SYSTEM32\USERENV.dll
0x00007ffb5aef0000 - 0x00007ffb5aefc000 	C:\Windows\SYSTEM32\CRYPTBASE.dll
0x00007ffb5aa40000 - 0x00007ffb5aa7d000 	C:\Windows\SYSTEM32\IPHLPAPI.DLL
0x00007ffb5db70000 - 0x00007ffb5db78000 	C:\Windows\System32\NSI.dll
0x00007ffb53c00000 - 0x00007ffb53c16000 	C:\Windows\SYSTEM32\dhcpcsvc6.DLL
0x00007ffb53be0000 - 0x00007ffb53bfc000 	C:\Windows\SYSTEM32\dhcpcsvc.DLL
0x00007ffb5aa80000 - 0x00007ffb5ab47000 	C:\Windows\SYSTEM32\DNSAPI.dll
0x00007ffb3dc50000 - 0x00007ffb3dc66000 	C:\Windows\system32\napinsp.dll
0x00007ffb3dc30000 - 0x00007ffb3dc4a000 	C:\Windows\system32\pnrpnsp.dll
0x00007ffb51b80000 - 0x00007ffb51b8e000 	C:\Windows\System32\winrnr.dll
0x00007ffb575d0000 - 0x00007ffb575eb000 	C:\Windows\system32\NLAapi.dll
0x00007ffb542b0000 - 0x00007ffb542c5000 	C:\Windows\system32\wshbth.dll
0x000000005a2a0000 - 0x000000005a2c6000 	C:\Program Files\Bonjour\mdnsNSP.dll
0x00007ffb522e0000 - 0x00007ffb522ea000 	C:\Windows\System32\rasadhlp.dll
0x00007ffb51f80000 - 0x00007ffb51ff9000 	C:\Windows\System32\fwpuclnt.dll

VM Arguments:
jvm_args: -XX:+HeapDumpOnOutOfMemoryError -Xmx1024m -Dfile.encoding=GBK -Duser.country=CN -Duser.language=zh -Duser.variant 
java_command: org.gradle.launcher.daemon.bootstrap.GradleDaemon 4.8
java_class_path (initial): C:\Users\xuguoyuan\.gradle\wrapper\dists\gradle-4.8-bin\d64rwu7uub61f9cfyg5aaq1ie\gradle-4.8\lib\gradle-launcher-4.8.jar
Launcher Type: SUN_STANDARD

Environment Variables:
CLASSPATH=D:\Code Github\qiqi-project\attach-service\\gradle\wrapper\gradle-wrapper.jar
PATH=C:\ProgramData\Oracle\Java\javapath;C:\Windows\system32;C:\Windows;C:\Windows\System32\Wbem;C:\Windows\System32\WindowsPowerShell\v1.0\;C:\Windows\System32\OpenSSH\;C:\Program Files (x86)\NVIDIA Corporation\PhysX\Common;C:\Program Files\NVIDIA Corporation\NVIDIA NvDLISR;C:\Program Files\nodejs\;C:\Program Files\Git\cmd;C:\Users\xuguoyuan\AppData\Local\Microsoft\WindowsApps;C:\Users\xuguoyuan\AppData\Roaming\npm;C:\Users\xuguoyuan\AppData\Local\Programs\Microsoft VS Code\bin
USERNAME=xuguoyuan
OS=Windows_NT
PROCESSOR_IDENTIFIER=Intel64 Family 6 Model 158 Stepping 10, GenuineIntel



---------------  S Y S T E M  ---------------

OS: Windows 10.0 , 64 bit Build 17763 (10.0.17763.1158)

CPU:total 12 (6 cores per cpu, 2 threads per core) family 6 model 158 stepping 10, cmov, cx8, fxsr, mmx, sse, sse2, sse3, ssse3, sse4.1, sse4.2, popcnt, avx, avx2, aes, clmul, erms, 3dnowpref, lzcnt, ht, tsc, tscinvbit, bmi1, bmi2, adx

Memory: 4k page, physical 16647476k(4539344k free), swap 16647476k(17484k free)

vm_info: Java HotSpot(TM) 64-Bit Server VM (25.112-b15) for windows-amd64 JRE (1.8.0_112-b15), built on Sep 22 2016 21:31:56 by "java_re" with MS VC++ 10.0 (VS2010)

time: Thu Nov 19 21:12:59 2020
elapsed time: 3604 seconds (0d 1h 0m 4s)

