#
# There is insufficient memory for the Java Runtime Environment to continue.
# Native memory allocation (malloc) failed to allocate 1785296 bytes for Chunk::new
# Possible reasons:
#   The system is out of physical RAM or swap space
#   In 32 bit mode, the process size limit was hit
# Possible solutions:
#   Reduce memory load on the system
#   Increase physical memory or swap space
#   Check if swap backing store is full
#   Use 64 bit Java on a 64 bit OS
#   Decrease Java heap size (-Xmx/-Xms)
#   Decrease number of Java threads
#   Decrease Java thread stack sizes (-Xss)
#   Set larger code cache with -XX:ReservedCodeCacheSize=
# This output file may be truncated or incomplete.
#
#  Out of Memory Error (allocation.cpp:390), pid=1116, tid=0x0000000000000764
#
# JRE version: Java(TM) SE Runtime Environment (8.0_112-b15) (build 1.8.0_112-b15)
# Java VM: Java HotSpot(TM) 64-Bit Server VM (25.112-b15 mixed mode windows-amd64 compressed oops)
# Failed to write core dump. Minidumps are not enabled by default on client versions of Windows
#

---------------  T H R E A D  ---------------

Current thread (0x000000001fc02800):  JavaThread "C2 CompilerThread2" daemon [_thread_in_native, id=1892, stack(0x0000000020490000,0x0000000020590000)]

Stack: [0x0000000020490000,0x0000000020590000]
[error occurred during error reporting (printing stack bounds), id 0xc0000005]

Native frames: (J=compiled Java code, j=interpreted, Vv=VM code, C=native code)


Current CompileTask:
C2:  22899 6349   !   4       org.springframework.util.ReflectionUtils::doWithMethods (176 bytes)


---------------  P R O C E S S  ---------------

Java Threads: ( => current thread )
  0x0000000022454800 JavaThread "container-0" [_thread_blocked, id=21164, stack(0x000000002e750000,0x000000002e850000)]
  0x0000000022453800 JavaThread "ContainerBackgroundProcessor[StandardEngine[Tomcat]]" daemon [_thread_blocked, id=15012, stack(0x000000002e650000,0x000000002e750000)]
  0x00000000258c3800 JavaThread "SimplePauseDetectorThread_0" daemon [_thread_blocked, id=9564, stack(0x000000002e550000,0x000000002e650000)]
  0x00000000230e8000 JavaThread "Thread-3" daemon [_thread_blocked, id=12372, stack(0x000000002cd00000,0x000000002ce00000)]
  0x0000000025ba9000 JavaThread "lettuce-eventExecutorLoop-1-1" daemon [_thread_blocked, id=1728, stack(0x000000002cc00000,0x000000002cd00000)]
  0x0000000022810000 JavaThread "CleanCursors-1-thread-1" daemon [_thread_blocked, id=21480, stack(0x000000002c0a0000,0x000000002c1a0000)]
  0x00000000215d8800 JavaThread "cluster-ClusterId{value='5fb7ce88430c16045cdeea35', description='null'}-192.168.17.131:27017" daemon [_thread_blocked, id=4448, stack(0x0000000029580000,0x0000000029680000)]
  0x000000002278a800 JavaThread "localhost-startStop-1" daemon [_thread_blocked, id=15648, stack(0x0000000025ec0000,0x0000000025fc0000)]
  0x0000000020a3d000 JavaThread "Tomcat-startStop-1" daemon [_thread_blocked, id=9764, stack(0x0000000024d60000,0x0000000024e60000)]
  0x000000001fc04800 JavaThread "Service Thread" daemon [_thread_blocked, id=9096, stack(0x0000000020690000,0x0000000020790000)]
  0x000000001fc03800 JavaThread "C1 CompilerThread3" daemon [_thread_blocked, id=19848, stack(0x0000000020590000,0x0000000020690000)]
=>0x000000001fc02800 JavaThread "C2 CompilerThread2" daemon [_thread_in_native, id=1892, stack(0x0000000020490000,0x0000000020590000)]
  0x000000001fc00000 JavaThread "C2 CompilerThread1" daemon [_thread_in_native, id=14164, stack(0x0000000020390000,0x0000000020490000)]
  0x000000001fc08800 JavaThread "C2 CompilerThread0" daemon [_thread_in_native, id=14780, stack(0x0000000020290000,0x0000000020390000)]
  0x000000001e26d800 JavaThread "JDWP Command Reader" daemon [_thread_in_native, id=12500, stack(0x000000001f990000,0x000000001fa90000)]
  0x000000001e267800 JavaThread "JDWP Event Helper Thread" daemon [_thread_blocked, id=3196, stack(0x000000001f890000,0x000000001f990000)]
  0x000000001e259800 JavaThread "JDWP Transport Listener: dt_socket" daemon [_thread_blocked, id=12304, stack(0x000000001f790000,0x000000001f890000)]
  0x000000001e1f7800 JavaThread "Attach Listener" daemon [_thread_blocked, id=22320, stack(0x000000001f690000,0x000000001f790000)]
  0x000000001e24c000 JavaThread "Signal Dispatcher" daemon [_thread_blocked, id=10652, stack(0x000000001f590000,0x000000001f690000)]
  0x000000001e1d3800 JavaThread "Finalizer" daemon [_thread_blocked, id=16696, stack(0x000000001f430000,0x000000001f530000)]
  0x000000001cad1000 JavaThread "Reference Handler" daemon [_thread_blocked, id=1752, stack(0x000000001f330000,0x000000001f430000)]
  0x0000000002cc3800 JavaThread "main" [_thread_in_Java, id=7752, stack(0x0000000002bc0000,0x0000000002cc0000)]

Other Threads:
  0x000000001cac6800 VMThread [stack: 0x000000001f230000,0x000000001f330000] [id=6344]
  0x000000001fd57000 WatcherThread [stack: 0x0000000020790000,0x0000000020890000] [id=17856]

VM state:not at safepoint (normal execution)

VM Mutex/Monitor currently owned by a thread: None

Heap:
 PSYoungGen      total 665600K, used 56790K [0x000000076b500000, 0x00000007a7600000, 0x00000007c0000000)
  eden space 624640K, 9% used [0x000000076b500000,0x000000076ec75990,0x0000000791700000)
  from space 40960K, 0% used [0x0000000791700000,0x0000000791700000,0x0000000793f00000)
  to   space 40960K, 0% used [0x00000007a4e00000,0x00000007a4e00000,0x00000007a7600000)
 ParOldGen       total 131584K, used 52146K [0x00000006c1e00000, 0x00000006c9e80000, 0x000000076b500000)
  object space 131584K, 39% used [0x00000006c1e00000,0x00000006c50ec8d0,0x00000006c9e80000)
 Metaspace       used 56849K, capacity 59344K, committed 59416K, reserved 1101824K
  class space    used 7471K, capacity 7940K, committed 7960K, reserved 1048576K

Card table byte_map: [0x0000000012280000,0x0000000012a80000] byte_map_base: 0x000000000ec71000

Marking Bits: (ParMarkBitMap*) 0x00000000583ba6d0
 Begin Bits: [0x00000000139d0000, 0x0000000017958000)
 End Bits:   [0x0000000017958000, 0x000000001b8e0000)

Polling page: 0x00000000005e0000

CodeCache: size=245760Kb used=22584Kb max_used=22602Kb free=223175Kb
 bounds [0x0000000002ec0000, 0x0000000004500000, 0x0000000011ec0000]
 total_blobs=5820 nmethods=5331 adapters=408
 compilation: enabled

Compilation events (10 events):
Event: 22.875 Thread 0x000000001fc03800 6442   !   2       org.springframework.beans.ExtendedBeanInfo$SimplePropertyDescriptor::getPropertyType (31 bytes)
Event: 22.875 Thread 0x000000001fc03800 nmethod 6442 0x00000000044719d0 code [0x0000000004471b40, 0x0000000004471d28]
Event: 22.875 Thread 0x000000001fc03800 6440       2       org.springframework.beans.ExtendedBeanInfo$PropertyDescriptorComparator::compare (13 bytes)
Event: 22.876 Thread 0x000000001fc03800 nmethod 6440 0x0000000004471590 code [0x0000000004471700, 0x00000000044718e8]
Event: 22.883 Thread 0x000000001fc03800 6444       2       java.lang.reflect.Method::getGenericInfo (5 bytes)
Event: 22.884 Thread 0x000000001fc03800 nmethod 6444 0x0000000004470ed0 code [0x0000000004471040, 0x0000000004471388]
Event: 22.884 Thread 0x000000001fc03800 6445       2       java.util.concurrent.ConcurrentHashMap::compareComparables (27 bytes)
Event: 22.885 Thread 0x000000001fc03800 nmethod 6445 0x0000000004470a90 code [0x0000000004470c00, 0x0000000004470de8]
Event: 22.885 Thread 0x000000001fc03800 6446       2       org.springframework.core.MethodClassKey::compareTo (78 bytes)
Event: 22.886 Thread 0x000000001fc03800 nmethod 6446 0x000000000446ff50 code [0x0000000004470120, 0x00000000044705e8]

GC Heap History (10 events):
Event: 9.166 GC heap before
{Heap before GC invocations=10 (full 2):
 PSYoungGen      total 470016K, used 27481K [0x000000076b500000, 0x000000078ab00000, 0x00000007c0000000)
  eden space 435200K, 0% used [0x000000076b500000,0x000000076b500000,0x0000000785e00000)
  from space 34816K, 78% used [0x0000000788900000,0x000000078a3d67b8,0x000000078ab00000)
  to   space 39424K, 0% used [0x0000000785e00000,0x0000000785e00000,0x0000000788480000)
 ParOldGen       total 76288K, used 35777K [0x00000006c1e00000, 0x00000006c6880000, 0x000000076b500000)
  object space 76288K, 46% used [0x00000006c1e00000,0x00000006c40f04b0,0x00000006c6880000)
 Metaspace       used 34382K, capacity 35466K, committed 35496K, reserved 1079296K
  class space    used 4523K, capacity 4757K, committed 4784K, reserved 1048576K
Event: 9.242 GC heap after
Heap after GC invocations=10 (full 2):
 PSYoungGen      total 470016K, used 0K [0x000000076b500000, 0x000000078ab00000, 0x00000007c0000000)
  eden space 435200K, 0% used [0x000000076b500000,0x000000076b500000,0x0000000785e00000)
  from space 34816K, 0% used [0x0000000788900000,0x0000000788900000,0x000000078ab00000)
  to   space 39424K, 0% used [0x0000000785e00000,0x0000000785e00000,0x0000000788480000)
 ParOldGen       total 131584K, used 32311K [0x00000006c1e00000, 0x00000006c9e80000, 0x000000076b500000)
  object space 131584K, 24% used [0x00000006c1e00000,0x00000006c3d8dcc0,0x00000006c9e80000)
 Metaspace       used 34382K, capacity 35466K, committed 35496K, reserved 1079296K
  class space    used 4523K, capacity 4757K, committed 4784K, reserved 1048576K
}
Event: 16.996 GC heap before
{Heap before GC invocations=11 (full 2):
 PSYoungGen      total 470016K, used 435200K [0x000000076b500000, 0x000000078ab00000, 0x00000007c0000000)
  eden space 435200K, 100% used [0x000000076b500000,0x0000000785e00000,0x0000000785e00000)
  from space 34816K, 0% used [0x0000000788900000,0x0000000788900000,0x000000078ab00000)
  to   space 39424K, 0% used [0x0000000785e00000,0x0000000785e00000,0x0000000788480000)
 ParOldGen       total 131584K, used 32311K [0x00000006c1e00000, 0x00000006c9e80000, 0x000000076b500000)
  object space 131584K, 24% used [0x00000006c1e00000,0x00000006c3d8dcc0,0x00000006c9e80000)
 Metaspace       used 49377K, capacity 51466K, committed 51760K, reserved 1093632K
  class space    used 6491K, capacity 6891K, committed 6960K, reserved 1048576K
Event: 17.018 GC heap after
Heap after GC invocations=11 (full 2):
 PSYoungGen      total 474624K, used 22835K [0x000000076b500000, 0x0000000796f00000, 0x00000007c0000000)
  eden space 435200K, 0% used [0x000000076b500000,0x000000076b500000,0x0000000785e00000)
  from space 39424K, 57% used [0x0000000785e00000,0x000000078744cdb8,0x0000000788480000)
  to   space 39424K, 0% used [0x0000000794880000,0x0000000794880000,0x0000000796f00000)
 ParOldGen       total 131584K, used 32319K [0x00000006c1e00000, 0x00000006c9e80000, 0x000000076b500000)
  object space 131584K, 24% used [0x00000006c1e00000,0x00000006c3d8fcc0,0x00000006c9e80000)
 Metaspace       used 49377K, capacity 51466K, committed 51760K, reserved 1093632K
  class space    used 6491K, capacity 6891K, committed 6960K, reserved 1048576K
}
Event: 21.072 GC heap before
{Heap before GC invocations=12 (full 2):
 PSYoungGen      total 474624K, used 458035K [0x000000076b500000, 0x0000000796f00000, 0x00000007c0000000)
  eden space 435200K, 100% used [0x000000076b500000,0x0000000785e00000,0x0000000785e00000)
  from space 39424K, 57% used [0x0000000785e00000,0x000000078744cdb8,0x0000000788480000)
  to   space 39424K, 0% used [0x0000000794880000,0x0000000794880000,0x0000000796f00000)
 ParOldGen       total 131584K, used 32319K [0x00000006c1e00000, 0x00000006c9e80000, 0x000000076b500000)
  object space 131584K, 24% used [0x00000006c1e00000,0x00000006c3d8fcc0,0x00000006c9e80000)
 Metaspace       used 55810K, capacity 58180K, committed 58288K, reserved 1099776K
  class space    used 7314K, capacity 7752K, committed 7856K, reserved 1048576K
Event: 21.104 GC heap after
Heap after GC invocations=12 (full 2):
 PSYoungGen      total 655872K, used 26855K [0x000000076b500000, 0x0000000796700000, 0x00000007c0000000)
  eden space 624640K, 0% used [0x000000076b500000,0x000000076b500000,0x0000000791700000)
  from space 31232K, 85% used [0x0000000794880000,0x00000007962b9d98,0x0000000796700000)
  to   space 40960K, 0% used [0x0000000791700000,0x0000000791700000,0x0000000793f00000)
 ParOldGen       total 131584K, used 32327K [0x00000006c1e00000, 0x00000006c9e80000, 0x000000076b500000)
  object space 131584K, 24% used [0x00000006c1e00000,0x00000006c3d91cc0,0x00000006c9e80000)
 Metaspace       used 55810K, capacity 58180K, committed 58288K, reserved 1099776K
  class space    used 7314K, capacity 7752K, committed 7856K, reserved 1048576K
}
Event: 21.878 GC heap before
{Heap before GC invocations=13 (full 2):
 PSYoungGen      total 655872K, used 134976K [0x000000076b500000, 0x0000000796700000, 0x00000007c0000000)
  eden space 624640K, 17% used [0x000000076b500000,0x0000000771e965b8,0x0000000791700000)
  from space 31232K, 85% used [0x0000000794880000,0x00000007962b9d98,0x0000000796700000)
  to   space 40960K, 0% used [0x0000000791700000,0x0000000791700000,0x0000000793f00000)
 ParOldGen       total 131584K, used 32327K [0x00000006c1e00000, 0x00000006c9e80000, 0x000000076b500000)
  object space 131584K, 24% used [0x00000006c1e00000,0x00000006c3d91cc0,0x00000006c9e80000)
 Metaspace       used 56659K, capacity 59102K, committed 59160K, reserved 1099776K
  class space    used 7434K, capacity 7905K, committed 7960K, reserved 1048576K
Event: 21.914 GC heap after
Heap after GC invocations=13 (full 2):
 PSYoungGen      total 665600K, used 2761K [0x000000076b500000, 0x00000007a7600000, 0x00000007c0000000)
  eden space 624640K, 0% used [0x000000076b500000,0x000000076b500000,0x0000000791700000)
  from space 40960K, 6% used [0x0000000791700000,0x00000007919b2408,0x0000000793f00000)
  to   space 40960K, 0% used [0x00000007a4e00000,0x00000007a4e00000,0x00000007a7600000)
 ParOldGen       total 131584K, used 53930K [0x00000006c1e00000, 0x00000006c9e80000, 0x000000076b500000)
  object space 131584K, 40% used [0x00000006c1e00000,0x00000006c52aa980,0x00000006c9e80000)
 Metaspace       used 56659K, capacity 59102K, committed 59160K, reserved 1099776K
  class space    used 7434K, capacity 7905K, committed 7960K, reserved 1048576K
}
Event: 21.914 GC heap before
{Heap before GC invocations=14 (full 3):
 PSYoungGen      total 665600K, used 2761K [0x000000076b500000, 0x00000007a7600000, 0x00000007c0000000)
  eden space 624640K, 0% used [0x000000076b500000,0x000000076b500000,0x0000000791700000)
  from space 40960K, 6% used [0x0000000791700000,0x00000007919b2408,0x0000000793f00000)
  to   space 40960K, 0% used [0x00000007a4e00000,0x00000007a4e00000,0x00000007a7600000)
 ParOldGen       total 131584K, used 53930K [0x00000006c1e00000, 0x00000006c9e80000, 0x000000076b500000)
  object space 131584K, 40% used [0x00000006c1e00000,0x00000006c52aa980,0x00000006c9e80000)
 Metaspace       used 56659K, capacity 59102K, committed 59160K, reserved 1099776K
  class space    used 7434K, capacity 7905K, committed 7960K, reserved 1048576K
Event: 22.477 GC heap after
Heap after GC invocations=14 (full 3):
 PSYoungGen      total 665600K, used 0K [0x000000076b500000, 0x00000007a7600000, 0x00000007c0000000)
  eden space 624640K, 0% used [0x000000076b500000,0x000000076b500000,0x0000000791700000)
  from space 40960K, 0% used [0x0000000791700000,0x0000000791700000,0x0000000793f00000)
  to   space 40960K, 0% used [0x00000007a4e00000,0x00000007a4e00000,0x00000007a7600000)
 ParOldGen       total 131584K, used 52146K [0x00000006c1e00000, 0x00000006c9e80000, 0x000000076b500000)
  object space 131584K, 39% used [0x00000006c1e00000,0x00000006c50ec8d0,0x00000006c9e80000)
 Metaspace       used 56659K, capacity 59102K, committed 59160K, reserved 1099776K
  class space    used 7434K, capacity 7905K, committed 7960K, reserved 1048576K
}

Deoptimization events (10 events):
Event: 19.744 Thread 0x0000000002cc3800 Uncommon trap: reason=class_check action=maybe_recompile pc=0x00000000042f7360 method=org.springframework.core.annotation.AnnotatedElementUtils.searchWithFindSemantics(Ljava/lang/reflect/AnnotatedElement;Ljava/lang/Class;Ljava/lang/String;Ljava/lang/Class
Event: 19.744 Thread 0x0000000002cc3800 Uncommon trap: reason=unstable_if action=reinterpret pc=0x00000000042f34c8 method=org.springframework.core.annotation.AnnotatedElementUtils.searchWithFindSemantics(Ljava/lang/reflect/AnnotatedElement;Ljava/lang/Class;Ljava/lang/String;Ljava/lang/Class;Lor
Event: 19.758 Thread 0x0000000002cc3800 Uncommon trap: reason=unstable_if action=reinterpret pc=0x00000000032b2534 method=org.springframework.util.AntPathMatcher.skipSegment(Ljava/lang/String;ILjava/lang/String;)I @ 60
Event: 20.006 Thread 0x0000000002cc3800 Uncommon trap: reason=null_check action=make_not_entrant pc=0x0000000003bfb3f8 method=java.lang.reflect.Array.newInstance(Ljava/lang/Class;I)Ljava/lang/Object; @ 2
Event: 20.538 Thread 0x0000000002cc3800 Uncommon trap: reason=unstable_if action=reinterpret pc=0x0000000003d79740 method=java.util.WeakHashMap.get(Ljava/lang/Object;)Ljava/lang/Object; @ 56
Event: 20.781 Thread 0x0000000002cc3800 Uncommon trap: reason=unstable_if action=reinterpret pc=0x00000000035f7bf4 method=org.springframework.util.StringUtils.delimitedListToStringArray(Ljava/lang/String;Ljava/lang/String;Ljava/lang/String;)[Ljava/lang/String; @ 133
Event: 20.972 Thread 0x0000000002cc3800 Uncommon trap: reason=class_check action=maybe_recompile pc=0x0000000004116c00 method=sun.reflect.generics.reflectiveObjects.WildcardTypeImpl.getLowerBounds()[Ljava/lang/reflect/Type; @ 37
Event: 21.267 Thread 0x0000000002cc3800 Uncommon trap: reason=unstable_if action=reinterpret pc=0x0000000003959f10 method=org.aspectj.weaver.UnresolvedType.nameToSignature(Ljava/lang/String;)Ljava/lang/String; @ 65
Event: 22.691 Thread 0x0000000002cc3800 Uncommon trap: reason=unstable_if action=reinterpret pc=0x00000000035e3570 method=java.lang.Character.isLetterOrDigit(I)Z @ 10
Event: 22.691 Thread 0x0000000002cc3800 Uncommon trap: reason=unstable_if action=reinterpret pc=0x0000000003546958 method=java.net.URL.<init>(Ljava/net/URL;Ljava/lang/String;Ljava/net/URLStreamHandler;)V @ 199

Internal exceptions (10 events):
Event: 22.814 Thread 0x0000000002cc3800 Exception <a 'java/lang/ClassNotFoundException': java/lang/ObjectCustomizer> (0x000000076dbb27b0) thrown at [C:\re\workspace\8-2-build-windows-amd64-cygwin\jdk8u112\7884\hotspot\src\share\vm\classfile\systemDictionary.cpp, line 210]
Event: 22.816 Thread 0x0000000002cc3800 Exception <a 'java/lang/ClassNotFoundException': org/springframework/http/converter/json/Jackson2ObjectMapperBuilderCustomizer> (0x000000076dbe1130) thrown at [C:\re\workspace\8-2-build-windows-amd64-cygwin\jdk8u112\7884\hotspot\src\share\vm\classfile\sys
Event: 22.860 Thread 0x0000000002cc3800 Exception <a 'java/lang/ClassNotFoundException': com/fasterxml/jackson/databind/ObjectMapperBeanInfo> (0x000000076e05f958) thrown at [C:\re\workspace\8-2-build-windows-amd64-cygwin\jdk8u112\7884\hotspot\src\share\vm\classfile\systemDictionary.cpp, line 21
Event: 22.862 Thread 0x0000000002cc3800 Exception <a 'java/lang/ClassNotFoundException': com/fasterxml/jackson/core/ObjectCodecBeanInfo> (0x000000076e07e668) thrown at [C:\re\workspace\8-2-build-windows-amd64-cygwin\jdk8u112\7884\hotspot\src\share\vm\classfile\systemDictionary.cpp, line 210]
Event: 22.864 Thread 0x0000000002cc3800 Exception <a 'java/lang/ClassNotFoundException': com/fasterxml/jackson/core/TreeCodecBeanInfo> (0x000000076e09cc38) thrown at [C:\re\workspace\8-2-build-windows-amd64-cygwin\jdk8u112\7884\hotspot\src\share\vm\classfile\systemDictionary.cpp, line 210]
Event: 22.865 Thread 0x0000000002cc3800 Exception <a 'java/lang/ClassNotFoundException': com/fasterxml/jackson/core/TreeCodecCustomizer> (0x000000076e0bb8e8) thrown at [C:\re\workspace\8-2-build-windows-amd64-cygwin\jdk8u112\7884\hotspot\src\share\vm\classfile\systemDictionary.cpp, line 210]
Event: 22.867 Thread 0x0000000002cc3800 Exception <a 'java/lang/ClassNotFoundException': com/fasterxml/jackson/core/ObjectCodecCustomizer> (0x000000076e0e0310) thrown at [C:\re\workspace\8-2-build-windows-amd64-cygwin\jdk8u112\7884\hotspot\src\share\vm\classfile\systemDictionary.cpp, line 210]
Event: 22.869 Thread 0x0000000002cc3800 Exception <a 'java/lang/ClassNotFoundException': com/fasterxml/jackson/databind/ObjectMapperCustomizer> (0x000000076e11b0f8) thrown at [C:\re\workspace\8-2-build-windows-amd64-cygwin\jdk8u112\7884\hotspot\src\share\vm\classfile\systemDictionary.cpp, line 
Event: 22.877 Thread 0x0000000002cc3800 Exception <a 'java/lang/ClassNotFoundException': com/fasterxml/jackson/core/VersionedCustomizer> (0x000000076e320450) thrown at [C:\re\workspace\8-2-build-windows-amd64-cygwin\jdk8u112\7884\hotspot\src\share\vm\classfile\systemDictionary.cpp, line 210]
Event: 22.878 Thread 0x0000000002cc3800 Exception <a 'java/lang/ClassNotFoundException': com/fasterxml/jackson/core/VersionedCustomizer> (0x000000076e33fc58) thrown at [C:\re\workspace\8-2-build-windows-amd64-cygwin\jdk8u112\7884\hotspot\src\share\vm\classfile\systemDictionary.cpp, line 210]

Events (10 events):
Event: 22.878 Thread 0x0000000002cc3800 DEOPT PACKING pc=0x0000000003540b80 sp=0x0000000002cbb9c0
Event: 22.878 Thread 0x0000000002cc3800 DEOPT UNPACKING pc=0x0000000002f0787f sp=0x0000000002cbb6b8 mode 1
Event: 22.878 Thread 0x0000000002cc3800 DEOPT PACKING pc=0x0000000003d09054 sp=0x0000000002cbc320
Event: 22.878 Thread 0x0000000002cc3800 DEOPT UNPACKING pc=0x0000000002f0787f sp=0x0000000002cbc020 mode 1
Event: 22.878 Thread 0x0000000002cc3800 DEOPT PACKING pc=0x0000000003dd2944 sp=0x0000000002cbc360
Event: 22.878 Thread 0x0000000002cc3800 DEOPT UNPACKING pc=0x0000000002f0787f sp=0x0000000002cbc168 mode 1
Event: 22.878 loading class com/fasterxml/jackson/core/VersionedCustomizer
Event: 22.878 loading class com/fasterxml/jackson/core/VersionedCustomizer done
Event: 22.878 Thread 0x0000000002cc3800 DEOPT PACKING pc=0x000000000350259c sp=0x0000000002cbc3a0
Event: 22.878 Thread 0x0000000002cc3800 DEOPT UNPACKING pc=0x0000000002f0787f sp=0x0000000002cbc0f8 mode 1


Dynamic libraries:
0x00007ff7647b0000 - 0x00007ff7647e7000 	C:\Program Files\Java\jdk1.8.0_112\bin\java.exe
0x00007ffb5f530000 - 0x00007ffb5f71d000 	C:\Windows\SYSTEM32\ntdll.dll
0x00007ffb5d980000 - 0x00007ffb5da33000 	C:\Windows\System32\KERNEL32.DLL
0x00007ffb5c490000 - 0x00007ffb5c725000 	C:\Windows\System32\KERNELBASE.dll
0x00007ffb5f450000 - 0x00007ffb5f4f3000 	C:\Windows\System32\ADVAPI32.dll
0x00007ffb5d410000 - 0x00007ffb5d4ae000 	C:\Windows\System32\msvcrt.dll
0x00007ffb5d1f0000 - 0x00007ffb5d28e000 	C:\Windows\System32\sechost.dll
0x00007ffb5d520000 - 0x00007ffb5d642000 	C:\Windows\System32\RPCRT4.dll
0x00007ffb5cb30000 - 0x00007ffb5ccc7000 	C:\Windows\System32\USER32.dll
0x00007ffb5c730000 - 0x00007ffb5c750000 	C:\Windows\System32\win32u.dll
0x00007ffb5cb00000 - 0x00007ffb5cb29000 	C:\Windows\System32\GDI32.dll
0x00007ffb5c2c0000 - 0x00007ffb5c459000 	C:\Windows\System32\gdi32full.dll
0x00007ffb5b6c0000 - 0x00007ffb5b760000 	C:\Windows\System32\msvcp_win.dll
0x00007ffb5b810000 - 0x00007ffb5b90a000 	C:\Windows\System32\ucrtbase.dll
0x00007ffb3faf0000 - 0x00007ffb3fd69000 	C:\Windows\WinSxS\amd64_microsoft.windows.common-controls_6595b64144ccf1df_6.0.17763.1217_none_de6e4304534e0ad3\COMCTL32.dll
0x00007ffb5d650000 - 0x00007ffb5d97c000 	C:\Windows\System32\combase.dll
0x00007ffb5b5f0000 - 0x00007ffb5b66e000 	C:\Windows\System32\bcryptPrimitives.dll
0x00007ffb5ccd0000 - 0x00007ffb5ccfe000 	C:\Windows\System32\IMM32.DLL
0x0000000058440000 - 0x0000000058512000 	C:\Program Files\Java\jdk1.8.0_112\jre\bin\msvcr100.dll
0x0000000057ba0000 - 0x000000005843a000 	C:\Program Files\Java\jdk1.8.0_112\jre\bin\server\jvm.dll
0x00007ffb5dd70000 - 0x00007ffb5dd78000 	C:\Windows\System32\PSAPI.DLL
0x00007ffb4bbd0000 - 0x00007ffb4bbd9000 	C:\Windows\SYSTEM32\WSOCK32.dll
0x00007ffb5d180000 - 0x00007ffb5d1ed000 	C:\Windows\System32\WS2_32.dll
0x00007ffb5b120000 - 0x00007ffb5b12a000 	C:\Windows\SYSTEM32\VERSION.dll
0x00007ffb4ebe0000 - 0x00007ffb4ec04000 	C:\Windows\SYSTEM32\WINMM.dll
0x00007ffb4ebb0000 - 0x00007ffb4ebdd000 	C:\Windows\SYSTEM32\winmmbase.dll
0x00007ffb5b670000 - 0x00007ffb5b6ba000 	C:\Windows\System32\cfgmgr32.dll
0x000000005a080000 - 0x000000005a08f000 	C:\Program Files\Java\jdk1.8.0_112\jre\bin\verify.dll
0x0000000057b70000 - 0x0000000057b99000 	C:\Program Files\Java\jdk1.8.0_112\jre\bin\java.dll
0x0000000057b10000 - 0x0000000057b45000 	C:\Program Files\Java\jdk1.8.0_112\jre\bin\jdwp.dll
0x0000000057b00000 - 0x0000000057b08000 	C:\Program Files\Java\jdk1.8.0_112\jre\bin\npt.dll
0x0000000057ad0000 - 0x0000000057af3000 	C:\Program Files\Java\jdk1.8.0_112\jre\bin\instrument.dll
0x0000000057b50000 - 0x0000000057b66000 	C:\Program Files\Java\jdk1.8.0_112\jre\bin\zip.dll
0x00007ffb5dd80000 - 0x00007ffb5f274000 	C:\Windows\System32\SHELL32.dll
0x00007ffb5ca50000 - 0x00007ffb5caf8000 	C:\Windows\System32\shcore.dll
0x00007ffb5bb70000 - 0x00007ffb5c2be000 	C:\Windows\System32\windows.storage.dll
0x00007ffb5b5a0000 - 0x00007ffb5b5c4000 	C:\Windows\System32\profapi.dll
0x00007ffb5b540000 - 0x00007ffb5b59d000 	C:\Windows\System32\powrprof.dll
0x00007ffb5f390000 - 0x00007ffb5f3e2000 	C:\Windows\System32\shlwapi.dll
0x00007ffb5b5d0000 - 0x00007ffb5b5e1000 	C:\Windows\System32\kernel.appcore.dll
0x00007ffb5bb50000 - 0x00007ffb5bb67000 	C:\Windows\System32\cryptsp.dll
0x0000000057a80000 - 0x0000000057a89000 	C:\Program Files\Java\jdk1.8.0_112\jre\bin\dt_socket.dll
0x00007ffb5ad20000 - 0x00007ffb5ad87000 	C:\Windows\system32\mswsock.dll
0x0000000057a70000 - 0x0000000057a7d000 	C:\Program Files\Java\jdk1.8.0_112\jre\bin\management.dll
0x0000000057ab0000 - 0x0000000057aca000 	C:\Program Files\Java\jdk1.8.0_112\jre\bin\net.dll
0x00007ffb4bdc0000 - 0x00007ffb4bdd6000 	C:\Windows\system32\napinsp.dll
0x00007ffb54500000 - 0x00007ffb5451a000 	C:\Windows\system32\pnrpnsp.dll
0x00007ffb5aa80000 - 0x00007ffb5ab47000 	C:\Windows\SYSTEM32\DNSAPI.dll
0x00007ffb5db70000 - 0x00007ffb5db78000 	C:\Windows\System32\NSI.dll
0x00007ffb5aa40000 - 0x00007ffb5aa7d000 	C:\Windows\SYSTEM32\IPHLPAPI.DLL
0x00007ffb4fa30000 - 0x00007ffb4fa3e000 	C:\Windows\System32\winrnr.dll
0x00007ffb575d0000 - 0x00007ffb575eb000 	C:\Windows\system32\NLAapi.dll
0x00007ffb542b0000 - 0x00007ffb542c5000 	C:\Windows\system32\wshbth.dll
0x000000005a2a0000 - 0x000000005a2c6000 	C:\Program Files\Bonjour\mdnsNSP.dll
0x00007ffb522e0000 - 0x00007ffb522ea000 	C:\Windows\System32\rasadhlp.dll
0x00007ffb51f80000 - 0x00007ffb51ff9000 	C:\Windows\System32\fwpuclnt.dll
0x00007ffb5c460000 - 0x00007ffb5c486000 	C:\Windows\System32\bcrypt.dll
0x0000000057a90000 - 0x0000000057aa1000 	C:\Program Files\Java\jdk1.8.0_112\jre\bin\nio.dll
0x00007ffb5a8a0000 - 0x00007ffb5a8d3000 	C:\Windows\system32\rsaenh.dll
0x00007ffb5b420000 - 0x00007ffb5b448000 	C:\Windows\SYSTEM32\USERENV.dll
0x00007ffb5aef0000 - 0x00007ffb5aefc000 	C:\Windows\SYSTEM32\CRYPTBASE.dll
0x00007ffb53c00000 - 0x00007ffb53c16000 	C:\Windows\SYSTEM32\dhcpcsvc6.DLL
0x00007ffb53be0000 - 0x00007ffb53bfc000 	C:\Windows\SYSTEM32\dhcpcsvc.DLL
0x0000000057a40000 - 0x0000000057a64000 	C:\Program Files\Java\jdk1.8.0_112\jre\bin\sunec.dll

VM Arguments:
jvm_args: -agentlib:jdwp=transport=dt_socket,address=127.0.0.1:2108,suspend=y,server=n -javaagent:C:\Users\xuguoyuan\.IntelliJIdea2018.1\system\groovyHotSwap\gragent.jar -javaagent:C:\Users\xuguoyuan\.IntelliJIdea2018.1\system\captureAgent\debugger-agent.jar=file:/C:/Users/xuguoyuan/AppData/Local/Temp/capture.props -Dfile.encoding=UTF-8 
java_command: com.attach.springboot.attach.backend.configs.Application
java_class_path (initial): C:\Program Files\Java\jdk1.8.0_112\jre\lib\charsets.jar;C:\Program Files\Java\jdk1.8.0_112\jre\lib\deploy.jar;C:\Program Files\Java\jdk1.8.0_112\jre\lib\ext\access-bridge-64.jar;C:\Program Files\Java\jdk1.8.0_112\jre\lib\ext\cldrdata.jar;C:\Program Files\Java\jdk1.8.0_112\jre\lib\ext\dnsns.jar;C:\Program Files\Java\jdk1.8.0_112\jre\lib\ext\jaccess.jar;C:\Program Files\Java\jdk1.8.0_112\jre\lib\ext\jfxrt.jar;C:\Program Files\Java\jdk1.8.0_112\jre\lib\ext\localedata.jar;C:\Program Files\Java\jdk1.8.0_112\jre\lib\ext\nashorn.jar;C:\Program Files\Java\jdk1.8.0_112\jre\lib\ext\sunec.jar;C:\Program Files\Java\jdk1.8.0_112\jre\lib\ext\sunjce_provider.jar;C:\Program Files\Java\jdk1.8.0_112\jre\lib\ext\sunmscapi.jar;C:\Program Files\Java\jdk1.8.0_112\jre\lib\ext\sunpkcs11.jar;C:\Program Files\Java\jdk1.8.0_112\jre\lib\ext\zipfs.jar;C:\Program Files\Java\jdk1.8.0_112\jre\lib\javaws.jar;C:\Program Files\Java\jdk1.8.0_112\jre\lib\jce.jar;C:\Program Files\Java\jdk1.8.0_112\jre\lib\jfr.jar;C:\Program Files\Java\jdk1.8.0_112\jre\lib\jfxswt.jar;C:\Program Files\Java\jdk1.8.0_112\jre\lib\jsse.jar;C:\Program Files\Java\jdk1.8.0_112\jre\lib\management-agent.jar;C:\Program Files\Java\jdk1.8.0_112\jre\lib\plugin.jar;C:\Program Files\Java\jdk1.8.0_112\jre\lib\resources.jar;C:\Program Files\Java\jdk1.8.0_112\jre\lib\rt.jar;D:\Code Github\qiqi-project\attach-service\attach-backend\out\production\classes;D:\Code Github\qiqi-project\attach-service\attach-backend\out\production\resources;D:\Code Github\qiqi-project\attach-service\attach-bz1-webapi\out\production\classes;D:\Code Github\qiqi-project\attach-service\attach-bz1-service\out\production\classes;D:\Code Github\qiqi-project\attach-service\attach-bz1-contract\out\production\classes;D:\Code Github\qiqi-project\attach-service\attach-common\out\production\classes;C:\Users\xuguoyuan\.gradle\caches\modules-2\files-2.1\org.springframework.boot\spring-boot-starter-web\2.0.2.RELEASE\b6ef0cf4d0a7c6c7e93ff524b84cd1d8f
Launcher Type: SUN_STANDARD

Environment Variables:
PATH=C:\ProgramData\Oracle\Java\javapath;C:\Windows\system32;C:\Windows;C:\Windows\System32\Wbem;C:\Windows\System32\WindowsPowerShell\v1.0\;C:\Windows\System32\OpenSSH\;C:\Program Files (x86)\NVIDIA Corporation\PhysX\Common;C:\Program Files\NVIDIA Corporation\NVIDIA NvDLISR;C:\Program Files\nodejs\;C:\Program Files\Git\cmd;C:\Users\xuguoyuan\AppData\Local\Microsoft\WindowsApps;C:\Users\xuguoyuan\AppData\Roaming\npm;C:\Users\xuguoyuan\AppData\Local\Programs\Microsoft VS Code\bin
USERNAME=xuguoyuan
OS=Windows_NT
PROCESSOR_IDENTIFIER=Intel64 Family 6 Model 158 Stepping 10, GenuineIntel



---------------  S Y S T E M  ---------------

OS: Windows 10.0 , 64 bit Build 17763 (10.0.17763.1158)

CPU:total 12 (6 cores per cpu, 2 threads per core) family 6 model 158 stepping 10, cmov, cx8, fxsr, mmx, sse, sse2, sse3, ssse3, sse4.1, sse4.2, popcnt, avx, avx2, aes, clmul, erms, 3dnowpref, lzcnt, ht, tsc, tscinvbit, bmi1, bmi2, adx

Memory: 4k page, physical 16647476k(3998384k free), swap 16647476k(5412k free)

vm_info: Java HotSpot(TM) 64-Bit Server VM (25.112-b15) for windows-amd64 JRE (1.8.0_112-b15), built on Sep 22 2016 21:31:56 by "java_re" with MS VC++ 10.0 (VS2010)

time: Fri Nov 20 22:11:27 2020
elapsed time: 22 seconds (0d 0h 0m 22s)

